#
# There is insufficient memory for the Java Runtime Environment to continue.
# Native memory allocation (malloc) failed to allocate 482096 bytes for Chunk::new
# Possible reasons:
#   The system is out of physical RAM or swap space
#   The process is running with CompressedOops enabled, and the Java Heap may be blocking the growth of the native heap
# Possible solutions:
#   Reduce memory load on the system
#   Increase physical memory or swap space
#   Check if swap backing store is full
#   Decrease Java heap size (-Xmx/-Xms)
#   Decrease number of Java threads
#   Decrease Java thread stack sizes (-Xss)
#   Set larger code cache with -XX:ReservedCodeCacheSize=
#   JVM is running with Unscaled Compressed Oops mode in which the Java heap is
#     placed in the first 4GB address space. The Java Heap base address is the
#     maximum limit for the native heap growth. Please use -XX:HeapBaseMinAddress
#     to set the Java Heap base and to place the Java Heap above 4GB virtual address.
# This output file may be truncated or incomplete.
#
#  Out of Memory Error (arena.cpp:191), pid=2028, tid=18520
#
# JRE version: OpenJDK Runtime Environment (17.0.9) (build 17.0.9+0--11185874)
# Java VM: OpenJDK 64-Bit Server VM (17.0.9+0--11185874, mixed mode, tiered, compressed oops, compressed class ptrs, g1 gc, windows-amd64)
# No core dump will be written. Minidumps are not enabled by default on client versions of Windows
#

---------------  S U M M A R Y ------------

Command Line: --add-opens=java.base/java.util=ALL-UNNAMED --add-opens=java.base/java.lang=ALL-UNNAMED --add-opens=java.base/java.lang.invoke=ALL-UNNAMED --add-opens=java.prefs/java.util.prefs=ALL-UNNAMED --add-opens=java.base/java.nio.charset=ALL-UNNAMED --add-opens=java.base/java.net=ALL-UNNAMED --add-opens=java.base/java.util.concurrent.atomic=ALL-UNNAMED -Xmx2048m -Dfile.encoding=UTF-8 -Duser.country=GB -Duser.language=en -Duser.variant -javaagent:C:\Users\Lenovo\.gradle\wrapper\dists\gradle-8.4-bin\1w5dpkrfk8irigvoxmyhowfim\gradle-8.4\lib\agents\gradle-instrumentation-agent-8.4.jar org.gradle.launcher.daemon.bootstrap.GradleDaemon 8.4

Host: Intel(R) Core(TM) i5-1035G4 CPU @ 1.10GHz, 8 cores, 7G,  Windows 11 , 64 bit Build 22621 (10.0.22621.3527)
Time: Wed May 29 22:53:58 2024 West Bank Gaza Daylight Time elapsed time: 15.477421 seconds (0d 0h 0m 15s)

---------------  T H R E A D  ---------------

Current thread (0x0000018562075e80):  JavaThread "C2 CompilerThread0" daemon [_thread_in_native, id=18520, stack(0x0000004480000000,0x0000004480100000)]


Current CompileTask:
C2:  15477 7802  s!   4       jdk.internal.loader.URLClassPath::getLoader (194 bytes)

Stack: [0x0000004480000000,0x0000004480100000]
Native frames: (J=compiled Java code, j=interpreted, Vv=VM code, C=native code)
V  [jvm.dll+0x6886e9]
V  [jvm.dll+0x841e4a]
V  [jvm.dll+0x843a8e]
V  [jvm.dll+0x8440f3]
V  [jvm.dll+0x24c14f]
V  [jvm.dll+0xac44c]
V  [jvm.dll+0xaca9c]
V  [jvm.dll+0x36c1a2]
V  [jvm.dll+0x1be4b6]
V  [jvm.dll+0x21df09]
V  [jvm.dll+0x21d1d1]
V  [jvm.dll+0x1a674d]
V  [jvm.dll+0x22d088]
V  [jvm.dll+0x22b1c0]
V  [jvm.dll+0x7f62f7]
V  [jvm.dll+0x7f06aa]
V  [jvm.dll+0x687565]
C  [ucrtbase.dll+0x29333]
C  [KERNEL32.DLL+0x1257d]
C  [ntdll.dll+0x5aa48]


---------------  P R O C E S S  ---------------

Threads class SMR info:
_java_thread_list=0x0000018566909690, length=51, elements={
0x000001854403d400, 0x000001855deb38d0, 0x000001855deb42a0, 0x000001856203d410,
0x000001856203dff0, 0x000001856205ea70, 0x000001856205f490, 0x0000018562075e80,
0x00000185620802c0, 0x0000018562080bd0, 0x000001856205ef80, 0x000001856205bce0,
0x000001856205c1f0, 0x000001856205c700, 0x000001856205cc10, 0x000001856205d120,
0x000001856205d630, 0x000001856205e560, 0x000001856205db40, 0x000001856205e050,
0x0000018564f29700, 0x0000018564f287d0, 0x0000018564f27390, 0x0000018564f28ce0,
0x0000018564f29c10, 0x0000018564f2a120, 0x0000018564f26970, 0x00000185641678e0,
0x000001856416bab0, 0x000001856416a160, 0x0000018564165a80, 0x0000018564168300,
0x0000018564168d20, 0x000001856416bfc0, 0x000001856416c4d0, 0x000001856416a670,
0x0000018564167df0, 0x000001856416b5a0, 0x000001856416b090, 0x000001856416c9e0,
0x0000018564165f90, 0x000001856497d340, 0x000001856497b4e0, 0x000001856497aac0,
0x000001856497afd0, 0x000001856497bf00, 0x000001856497c410, 0x000001856497d850,
0x000001856497c920, 0x000001856497a5b0, 0x0000018564d1aaa0
}

Java Threads: ( => current thread )
  0x000001854403d400 JavaThread "main" [_thread_blocked, id=1320, stack(0x00000044ff300000,0x00000044ff400000)]
  0x000001855deb38d0 JavaThread "Reference Handler" daemon [_thread_blocked, id=11200, stack(0x00000044ffa00000,0x00000044ffb00000)]
  0x000001855deb42a0 JavaThread "Finalizer" daemon [_thread_blocked, id=20096, stack(0x00000044ffb00000,0x00000044ffc00000)]
  0x000001856203d410 JavaThread "Signal Dispatcher" daemon [_thread_blocked, id=9424, stack(0x00000044ffc00000,0x00000044ffd00000)]
  0x000001856203dff0 JavaThread "Attach Listener" daemon [_thread_blocked, id=18196, stack(0x00000044ffd00000,0x00000044ffe00000)]
  0x000001856205ea70 JavaThread "Service Thread" daemon [_thread_blocked, id=11028, stack(0x00000044ffe00000,0x00000044fff00000)]
  0x000001856205f490 JavaThread "Monitor Deflation Thread" daemon [_thread_blocked, id=19012, stack(0x00000044fff00000,0x0000004500000000)]
=>0x0000018562075e80 JavaThread "C2 CompilerThread0" daemon [_thread_in_native, id=18520, stack(0x0000004480000000,0x0000004480100000)]
  0x00000185620802c0 JavaThread "C1 CompilerThread0" daemon [_thread_blocked, id=9068, stack(0x0000004480100000,0x0000004480200000)]
  0x0000018562080bd0 JavaThread "Sweeper thread" daemon [_thread_blocked, id=17912, stack(0x0000004480200000,0x0000004480300000)]
  0x000001856205ef80 JavaThread "Common-Cleaner" daemon [_thread_blocked, id=7524, stack(0x0000004480300000,0x0000004480400000)]
  0x000001856205bce0 JavaThread "Notification Thread" daemon [_thread_blocked, id=16360, stack(0x0000004480400000,0x0000004480500000)]
  0x000001856205c1f0 JavaThread "Daemon health stats" [_thread_blocked, id=3416, stack(0x0000004480b00000,0x0000004480c00000)]
  0x000001856205c700 JavaThread "Incoming local TCP Connector on port 59808" [_thread_in_native, id=11000, stack(0x0000004480c00000,0x0000004480d00000)]
  0x000001856205cc10 JavaThread "Daemon periodic checks" [_thread_blocked, id=2480, stack(0x0000004480d00000,0x0000004480e00000)]
  0x000001856205d120 JavaThread "Daemon" [_thread_blocked, id=16392, stack(0x0000004480e00000,0x0000004480f00000)]
  0x000001856205d630 JavaThread "Handler for socket connection from /127.0.0.1:59808 to /127.0.0.1:59809" [_thread_in_native, id=9236, stack(0x0000004480f00000,0x0000004481000000)]
  0x000001856205e560 JavaThread "Cancel handler" [_thread_blocked, id=6424, stack(0x0000004481000000,0x0000004481100000)]
  0x000001856205db40 JavaThread "Daemon worker" [_thread_in_vm, id=168, stack(0x0000004481100000,0x0000004481200000)]
  0x000001856205e050 JavaThread "Asynchronous log dispatcher for DefaultDaemonConnection: socket connection from /127.0.0.1:59808 to /127.0.0.1:59809" [_thread_blocked, id=16920, stack(0x0000004481200000,0x0000004481300000)]
  0x0000018564f29700 JavaThread "Stdin handler" [_thread_blocked, id=20136, stack(0x0000004481300000,0x0000004481400000)]
  0x0000018564f287d0 JavaThread "Daemon client event forwarder" [_thread_blocked, id=18004, stack(0x0000004481400000,0x0000004481500000)]
  0x0000018564f27390 JavaThread "Cache worker for journal cache (C:\Users\Lenovo\.gradle\caches\journal-1)" [_thread_blocked, id=12532, stack(0x0000004481900000,0x0000004481a00000)]
  0x0000018564f28ce0 JavaThread "File lock request listener" [_thread_in_native, id=5908, stack(0x0000004481a00000,0x0000004481b00000)]
  0x0000018564f29c10 JavaThread "Cache worker for file hash cache (C:\Users\Lenovo\.gradle\caches\8.4\fileHashes)" [_thread_blocked, id=14352, stack(0x0000004481b00000,0x0000004481c00000)]
  0x0000018564f2a120 JavaThread "File watcher server" daemon [_thread_in_native, id=16624, stack(0x0000004481c00000,0x0000004481d00000)]
  0x0000018564f26970 JavaThread "File watcher consumer" daemon [_thread_blocked, id=19868, stack(0x0000004481d00000,0x0000004481e00000)]
  0x00000185641678e0 JavaThread "jar transforms" [_thread_blocked, id=9456, stack(0x0000004481e00000,0x0000004481f00000)]
  0x000001856416bab0 JavaThread "jar transforms Thread 2" [_thread_blocked, id=6608, stack(0x0000004481f00000,0x0000004482000000)]
  0x000001856416a160 JavaThread "jar transforms Thread 3" [_thread_blocked, id=8372, stack(0x0000004482000000,0x0000004482100000)]
  0x0000018564165a80 JavaThread "jar transforms Thread 4" [_thread_blocked, id=13756, stack(0x0000004482100000,0x0000004482200000)]
  0x0000018564168300 JavaThread "jar transforms Thread 5" [_thread_blocked, id=19400, stack(0x0000004482200000,0x0000004482300000)]
  0x0000018564168d20 JavaThread "jar transforms Thread 6" [_thread_blocked, id=9964, stack(0x0000004482300000,0x0000004482400000)]
  0x000001856416bfc0 JavaThread "jar transforms Thread 7" [_thread_blocked, id=18944, stack(0x0000004482400000,0x0000004482500000)]
  0x000001856416c4d0 JavaThread "jar transforms Thread 8" [_thread_blocked, id=6620, stack(0x0000004482500000,0x0000004482600000)]
  0x000001856416a670 JavaThread "Cache worker for checksums cache (C:\Users\Lenovo\AndroidStudioProjects\CarRentalSystem\.gradle\8.4\checksums)" [_thread_blocked, id=18928, stack(0x0000004482600000,0x0000004482700000)]
  0x0000018564167df0 JavaThread "Cache worker for file hash cache (C:\Users\Lenovo\AndroidStudioProjects\CarRentalSystem\.gradle\8.4\fileHashes)" [_thread_blocked, id=4756, stack(0x0000004482700000,0x0000004482800000)]
  0x000001856416b5a0 JavaThread "Cache worker for cache directory md-supplier (C:\Users\Lenovo\.gradle\caches\8.4\md-supplier)" [_thread_blocked, id=16436, stack(0x0000004482800000,0x0000004482900000)]
  0x000001856416b090 JavaThread "Cache worker for file content cache (C:\Users\Lenovo\.gradle\caches\8.4\fileContent)" [_thread_blocked, id=7164, stack(0x0000004482900000,0x0000004482a00000)]
  0x000001856416c9e0 JavaThread "Cache worker for cache directory md-rule (C:\Users\Lenovo\.gradle\caches\8.4\md-rule)" [_thread_blocked, id=13428, stack(0x0000004482a00000,0x0000004482b00000)]
  0x0000018564165f90 JavaThread "Cache worker for execution history cache (C:\Users\Lenovo\.gradle\caches\8.4\executionHistory)" [_thread_blocked, id=13272, stack(0x0000004482b00000,0x0000004482c00000)]
  0x000001856497d340 JavaThread "Cache worker for kotlin-dsl (C:\Users\Lenovo\.gradle\caches\8.4\kotlin-dsl)" [_thread_blocked, id=5404, stack(0x0000004480600000,0x0000004480700000)]
  0x000001856497b4e0 JavaThread "Cache worker for dependencies-accessors (C:\Users\Lenovo\AndroidStudioProjects\CarRentalSystem\.gradle\8.4\dependencies-accessors)" [_thread_blocked, id=5888, stack(0x0000004482c00000,0x0000004482d00000)]
  0x000001856497aac0 JavaThread "Cache worker for Build Output Cleanup Cache (C:\Users\Lenovo\AndroidStudioProjects\CarRentalSystem\.gradle\buildOutputCleanup)" [_thread_blocked, id=20392, stack(0x0000004482d00000,0x0000004482e00000)]
  0x000001856497afd0 JavaThread "Unconstrained build operations" [_thread_blocked, id=6864, stack(0x0000004482f00000,0x0000004483000000)]
  0x000001856497bf00 JavaThread "Unconstrained build operations Thread 2" [_thread_blocked, id=17808, stack(0x0000004483000000,0x0000004483100000)]
  0x000001856497c410 JavaThread "Unconstrained build operations Thread 3" [_thread_blocked, id=10272, stack(0x0000004483100000,0x0000004483200000)]
  0x000001856497d850 JavaThread "Unconstrained build operations Thread 4" [_thread_blocked, id=6212, stack(0x0000004483200000,0x0000004483300000)]
  0x000001856497c920 JavaThread "Unconstrained build operations Thread 5" [_thread_blocked, id=19880, stack(0x0000004483300000,0x0000004483400000)]
  0x000001856497a5b0 JavaThread "Unconstrained build operations Thread 6" [_thread_blocked, id=17764, stack(0x0000004483400000,0x0000004483500000)]
  0x0000018564d1aaa0 JavaThread "Unconstrained build operations Thread 7" [_thread_blocked, id=14444, stack(0x0000004483500000,0x0000004483600000)]

Other Threads:
  0x000001855de5d320 VMThread "VM Thread" [stack: 0x00000044ff900000,0x00000044ffa00000] [id=5920]
  0x000001854403e190 WatcherThread [stack: 0x0000004480500000,0x0000004480600000] [id=19064]
  0x000001854409af30 GCTaskThread "GC Thread#0" [stack: 0x00000044ff400000,0x00000044ff500000] [id=19728]
  0x0000018562597ed0 GCTaskThread "GC Thread#1" [stack: 0x0000004480700000,0x0000004480800000] [id=13332]
  0x00000185629746f0 GCTaskThread "GC Thread#2" [stack: 0x0000004480800000,0x0000004480900000] [id=6876]
  0x000001856350bad0 GCTaskThread "GC Thread#3" [stack: 0x0000004480900000,0x0000004480a00000] [id=2276]
  0x00000185630f8fa0 GCTaskThread "GC Thread#4" [stack: 0x0000004480a00000,0x0000004480b00000] [id=12656]
  0x0000018564949de0 GCTaskThread "GC Thread#5" [stack: 0x0000004481500000,0x0000004481600000] [id=5960]
  0x00000185632a32b0 GCTaskThread "GC Thread#6" [stack: 0x0000004481600000,0x0000004481700000] [id=14848]
  0x0000018563aa9cc0 GCTaskThread "GC Thread#7" [stack: 0x0000004481700000,0x0000004481800000] [id=12116]
  0x00000185440abd90 ConcurrentGCThread "G1 Main Marker" [stack: 0x00000044ff500000,0x00000044ff600000] [id=11796]
  0x00000185440ac6c0 ConcurrentGCThread "G1 Conc#0" [stack: 0x00000044ff600000,0x00000044ff700000] [id=19796]
  0x00000185646e6740 ConcurrentGCThread "G1 Conc#1" [stack: 0x0000004481800000,0x0000004481900000] [id=7996]
  0x00000185440edfa0 ConcurrentGCThread "G1 Refine#0" [stack: 0x00000044ff700000,0x00000044ff800000] [id=13940]
  0x000001856376c610 ConcurrentGCThread "G1 Refine#1" [stack: 0x0000004483600000,0x0000004483700000] [id=13368]
  0x000001856376e080 ConcurrentGCThread "G1 Refine#2" [stack: 0x0000004483700000,0x0000004483800000] [id=20104]
  0x000001856376e370 ConcurrentGCThread "G1 Refine#3" [stack: 0x0000004483800000,0x0000004483900000] [id=4696]
  0x000001856376c030 ConcurrentGCThread "G1 Refine#4" [stack: 0x0000004483900000,0x0000004483a00000] [id=4428]
  0x000001856376d4c0 ConcurrentGCThread "G1 Refine#5" [stack: 0x0000004483a00000,0x0000004483b00000] [id=7900]
  0x00000185440ee8e0 ConcurrentGCThread "G1 Service" [stack: 0x00000044ff800000,0x00000044ff900000] [id=5568]

Threads with active compile tasks:
C2 CompilerThread0    15514 7802  s!   4       jdk.internal.loader.URLClassPath::getLoader (194 bytes)

VM state: not at safepoint (normal execution)

VM Mutex/Monitor currently owned by a thread: None

Heap address: 0x0000000080000000, size: 2048 MB, Compressed Oops mode: 32-bit

CDS archive(s) not mapped
Compressed class space mapped at: 0x0000000100000000-0x0000000140000000, reserved size: 1073741824
Narrow klass base: 0x0000000000000000, Narrow klass shift: 3, Narrow klass range: 0x140000000

GC Precious Log:
 CPUs: 8 total, 8 available
 Memory: 7934M
 Large Page Support: Disabled
 NUMA Support: Disabled
 Compressed Oops: Enabled (32-bit)
 Heap Region Size: 1M
 Heap Min Capacity: 8M
 Heap Initial Capacity: 124M
 Heap Max Capacity: 2G
 Pre-touch: Disabled
 Parallel Workers: 8
 Concurrent Workers: 2
 Concurrent Refinement Workers: 8
 Periodic GC: Disabled

Heap:
 garbage-first heap   total 184320K, used 112407K [0x0000000080000000, 0x0000000100000000)
  region size 1024K, 10 young (10240K), 2 survivors (2048K)
 Metaspace       used 97057K, committed 97792K, reserved 1179648K
  class space    used 13148K, committed 13504K, reserved 1048576K

Heap Regions: E=young(eden), S=young(survivor), O=old, HS=humongous(starts), HC=humongous(continues), CS=collection set, F=free, OA=open archive, CA=closed archive, TAMS=top-at-mark-start (previous, next)
|   0|0x0000000080000000, 0x0000000080100000, 0x0000000080100000|100%|HS|  |TAMS 0x0000000080100000, 0x0000000080000000| Complete 
|   1|0x0000000080100000, 0x0000000080200000, 0x0000000080200000|100%|HC|  |TAMS 0x0000000080200000, 0x0000000080100000| Complete 
|   2|0x0000000080200000, 0x0000000080300000, 0x0000000080300000|100%|HC|  |TAMS 0x0000000080300000, 0x0000000080200000| Complete 
|   3|0x0000000080300000, 0x0000000080400000, 0x0000000080400000|100%|HC|  |TAMS 0x0000000080400000, 0x0000000080300000| Complete 
|   4|0x0000000080400000, 0x0000000080500000, 0x0000000080500000|100%| O|  |TAMS 0x0000000080500000, 0x0000000080400000| Untracked 
|   5|0x0000000080500000, 0x0000000080600000, 0x0000000080600000|100%| O|  |TAMS 0x0000000080600000, 0x0000000080500000| Untracked 
|   6|0x0000000080600000, 0x0000000080700000, 0x0000000080700000|100%| O|  |TAMS 0x0000000080700000, 0x0000000080600000| Untracked 
|   7|0x0000000080700000, 0x0000000080800000, 0x0000000080800000|100%| O|  |TAMS 0x0000000080800000, 0x0000000080700000| Untracked 
|   8|0x0000000080800000, 0x0000000080900000, 0x0000000080900000|100%| O|  |TAMS 0x0000000080900000, 0x0000000080800000| Untracked 
|   9|0x0000000080900000, 0x0000000080a00000, 0x0000000080a00000|100%| O|  |TAMS 0x0000000080a00000, 0x0000000080900000| Untracked 
|  10|0x0000000080a00000, 0x0000000080b00000, 0x0000000080b00000|100%|HS|  |TAMS 0x0000000080b00000, 0x0000000080a00000| Complete 
|  11|0x0000000080b00000, 0x0000000080c00000, 0x0000000080c00000|100%| O|  |TAMS 0x0000000080c00000, 0x0000000080b00000| Untracked 
|  12|0x0000000080c00000, 0x0000000080d00000, 0x0000000080d00000|100%| O|  |TAMS 0x0000000080d00000, 0x0000000080c00000| Untracked 
|  13|0x0000000080d00000, 0x0000000080e00000, 0x0000000080e00000|100%| O|  |TAMS 0x0000000080e00000, 0x0000000080d00000| Untracked 
|  14|0x0000000080e00000, 0x0000000080f00000, 0x0000000080f00000|100%| O|  |TAMS 0x0000000080f00000, 0x0000000080e00000| Untracked 
|  15|0x0000000080f00000, 0x0000000081000000, 0x0000000081000000|100%| O|  |TAMS 0x0000000081000000, 0x0000000080f00000| Untracked 
|  16|0x0000000081000000, 0x0000000081100000, 0x0000000081100000|100%| O|  |TAMS 0x0000000081100000, 0x0000000081000000| Untracked 
|  17|0x0000000081100000, 0x0000000081200000, 0x0000000081200000|100%| O|  |TAMS 0x0000000081200000, 0x0000000081100000| Untracked 
|  18|0x0000000081200000, 0x0000000081300000, 0x0000000081300000|100%| O|  |TAMS 0x0000000081300000, 0x0000000081200000| Untracked 
|  19|0x0000000081300000, 0x0000000081400000, 0x0000000081400000|100%|HS|  |TAMS 0x0000000081400000, 0x0000000081300000| Complete 
|  20|0x0000000081400000, 0x0000000081500000, 0x0000000081500000|100%|HC|  |TAMS 0x0000000081500000, 0x0000000081400000| Complete 
|  21|0x0000000081500000, 0x0000000081600000, 0x0000000081600000|100%|HS|  |TAMS 0x0000000081600000, 0x0000000081500000| Complete 
|  22|0x0000000081600000, 0x0000000081700000, 0x0000000081700000|100%|HC|  |TAMS 0x0000000081700000, 0x0000000081600000| Complete 
|  23|0x0000000081700000, 0x0000000081800000, 0x0000000081800000|100%|HC|  |TAMS 0x0000000081800000, 0x0000000081700000| Complete 
|  24|0x0000000081800000, 0x0000000081900000, 0x0000000081900000|100%|HS|  |TAMS 0x0000000081900000, 0x0000000081800000| Complete 
|  25|0x0000000081900000, 0x0000000081a00000, 0x0000000081a00000|100%|HC|  |TAMS 0x0000000081a00000, 0x0000000081900000| Complete 
|  26|0x0000000081a00000, 0x0000000081b00000, 0x0000000081b00000|100%|HC|  |TAMS 0x0000000081b00000, 0x0000000081a00000| Complete 
|  27|0x0000000081b00000, 0x0000000081c00000, 0x0000000081c00000|100%|HS|  |TAMS 0x0000000081c00000, 0x0000000081b00000| Complete 
|  28|0x0000000081c00000, 0x0000000081d00000, 0x0000000081d00000|100%|HC|  |TAMS 0x0000000081d00000, 0x0000000081c00000| Complete 
|  29|0x0000000081d00000, 0x0000000081e00000, 0x0000000081e00000|100%|HC|  |TAMS 0x0000000081e00000, 0x0000000081d00000| Complete 
|  30|0x0000000081e00000, 0x0000000081f00000, 0x0000000081f00000|100%| O|  |TAMS 0x0000000081f00000, 0x0000000081e00000| Untracked 
|  31|0x0000000081f00000, 0x0000000082000000, 0x0000000082000000|100%| O|  |TAMS 0x0000000082000000, 0x0000000081f00000| Untracked 
|  32|0x0000000082000000, 0x0000000082100000, 0x0000000082100000|100%| O|  |TAMS 0x0000000082100000, 0x0000000082000000| Untracked 
|  33|0x0000000082100000, 0x0000000082200000, 0x0000000082200000|100%| O|  |TAMS 0x0000000082200000, 0x0000000082100000| Untracked 
|  34|0x0000000082200000, 0x0000000082300000, 0x0000000082300000|100%| O|  |TAMS 0x0000000082300000, 0x0000000082200000| Untracked 
|  35|0x0000000082300000, 0x0000000082400000, 0x0000000082400000|100%| O|  |TAMS 0x0000000082400000, 0x0000000082300000| Untracked 
|  36|0x0000000082400000, 0x0000000082500000, 0x0000000082500000|100%| O|  |TAMS 0x0000000082500000, 0x0000000082400000| Untracked 
|  37|0x0000000082500000, 0x0000000082500000, 0x0000000082600000|  0%| F|  |TAMS 0x0000000082500000, 0x0000000082500000| Untracked 
|  38|0x0000000082600000, 0x0000000082700000, 0x0000000082700000|100%| O|  |TAMS 0x0000000082700000, 0x0000000082600000| Untracked 
|  39|0x0000000082700000, 0x0000000082800000, 0x0000000082800000|100%| O|  |TAMS 0x0000000082800000, 0x0000000082700000| Untracked 
|  40|0x0000000082800000, 0x0000000082900000, 0x0000000082900000|100%| O|  |TAMS 0x0000000082900000, 0x0000000082800000| Untracked 
|  41|0x0000000082900000, 0x0000000082a00000, 0x0000000082a00000|100%| O|  |TAMS 0x0000000082a00000, 0x0000000082900000| Untracked 
|  42|0x0000000082a00000, 0x0000000082b00000, 0x0000000082b00000|100%| O|  |TAMS 0x0000000082b00000, 0x0000000082a00000| Untracked 
|  43|0x0000000082b00000, 0x0000000082c00000, 0x0000000082c00000|100%| O|  |TAMS 0x0000000082c00000, 0x0000000082b00000| Untracked 
|  44|0x0000000082c00000, 0x0000000082d00000, 0x0000000082d00000|100%| O|  |TAMS 0x0000000082d00000, 0x0000000082c00000| Untracked 
|  45|0x0000000082d00000, 0x0000000082e00000, 0x0000000082e00000|100%|HS|  |TAMS 0x0000000082e00000, 0x0000000082d00000| Complete 
|  46|0x0000000082e00000, 0x0000000082f00000, 0x0000000082f00000|100%|HC|  |TAMS 0x0000000082f00000, 0x0000000082e00000| Complete 
|  47|0x0000000082f00000, 0x0000000083000000, 0x0000000083000000|100%|HC|  |TAMS 0x0000000083000000, 0x0000000082f00000| Complete 
|  48|0x0000000083000000, 0x0000000083100000, 0x0000000083100000|100%| O|  |TAMS 0x0000000083100000, 0x0000000083000000| Untracked 
|  49|0x0000000083100000, 0x0000000083200000, 0x0000000083200000|100%| O|  |TAMS 0x0000000083200000, 0x0000000083100000| Untracked 
|  50|0x0000000083200000, 0x0000000083300000, 0x0000000083300000|100%| O|  |TAMS 0x0000000083300000, 0x0000000083200000| Untracked 
|  51|0x0000000083300000, 0x0000000083400000, 0x0000000083400000|100%| O|  |TAMS 0x0000000083400000, 0x0000000083300000| Untracked 
|  52|0x0000000083400000, 0x0000000083500000, 0x0000000083500000|100%| O|  |TAMS 0x0000000083500000, 0x0000000083400000| Untracked 
|  53|0x0000000083500000, 0x0000000083600000, 0x0000000083600000|100%| O|  |TAMS 0x0000000083600000, 0x0000000083500000| Untracked 
|  54|0x0000000083600000, 0x0000000083700000, 0x0000000083700000|100%| O|  |TAMS 0x0000000083700000, 0x0000000083600000| Untracked 
|  55|0x0000000083700000, 0x0000000083800000, 0x0000000083800000|100%| O|  |TAMS 0x0000000083800000, 0x0000000083700000| Untracked 
|  56|0x0000000083800000, 0x0000000083900000, 0x0000000083900000|100%| O|  |TAMS 0x0000000083900000, 0x0000000083800000| Untracked 
|  57|0x0000000083900000, 0x0000000083a00000, 0x0000000083a00000|100%| O|  |TAMS 0x0000000083a00000, 0x0000000083900000| Untracked 
|  58|0x0000000083a00000, 0x0000000083b00000, 0x0000000083b00000|100%| O|  |TAMS 0x0000000083b00000, 0x0000000083a00000| Untracked 
|  59|0x0000000083b00000, 0x0000000083c00000, 0x0000000083c00000|100%| O|  |TAMS 0x0000000083c00000, 0x0000000083b00000| Untracked 
|  60|0x0000000083c00000, 0x0000000083d00000, 0x0000000083d00000|100%| O|  |TAMS 0x0000000083d00000, 0x0000000083c00000| Untracked 
|  61|0x0000000083d00000, 0x0000000083e00000, 0x0000000083e00000|100%| O|  |TAMS 0x0000000083e00000, 0x0000000083d00000| Untracked 
|  62|0x0000000083e00000, 0x0000000083f00000, 0x0000000083f00000|100%| O|  |TAMS 0x0000000083f00000, 0x0000000083e00000| Untracked 
|  63|0x0000000083f00000, 0x0000000084000000, 0x0000000084000000|100%| O|  |TAMS 0x0000000084000000, 0x0000000083f00000| Untracked 
|  64|0x0000000084000000, 0x0000000084100000, 0x0000000084100000|100%| O|  |TAMS 0x0000000084100000, 0x0000000084000000| Untracked 
|  65|0x0000000084100000, 0x0000000084200000, 0x0000000084200000|100%| O|  |TAMS 0x0000000084200000, 0x0000000084100000| Untracked 
|  66|0x0000000084200000, 0x0000000084300000, 0x0000000084300000|100%| O|  |TAMS 0x0000000084300000, 0x0000000084200000| Untracked 
|  67|0x0000000084300000, 0x0000000084400000, 0x0000000084400000|100%| O|  |TAMS 0x0000000084400000, 0x0000000084300000| Untracked 
|  68|0x0000000084400000, 0x0000000084500000, 0x0000000084500000|100%| O|  |TAMS 0x0000000084500000, 0x0000000084400000| Untracked 
|  69|0x0000000084500000, 0x0000000084600000, 0x0000000084600000|100%| O|  |TAMS 0x0000000084600000, 0x0000000084500000| Untracked 
|  70|0x0000000084600000, 0x0000000084700000, 0x0000000084700000|100%| O|  |TAMS 0x0000000084700000, 0x0000000084600000| Untracked 
|  71|0x0000000084700000, 0x0000000084800000, 0x0000000084800000|100%| O|  |TAMS 0x0000000084800000, 0x0000000084700000| Untracked 
|  72|0x0000000084800000, 0x0000000084900000, 0x0000000084900000|100%| O|  |TAMS 0x0000000084900000, 0x0000000084800000| Untracked 
|  73|0x0000000084900000, 0x0000000084a00000, 0x0000000084a00000|100%| O|  |TAMS 0x0000000084a00000, 0x0000000084900000| Untracked 
|  74|0x0000000084a00000, 0x0000000084b00000, 0x0000000084b00000|100%| O|  |TAMS 0x0000000084b00000, 0x0000000084a00000| Untracked 
|  75|0x0000000084b00000, 0x0000000084c00000, 0x0000000084c00000|100%| O|  |TAMS 0x0000000084c00000, 0x0000000084b00000| Untracked 
|  76|0x0000000084c00000, 0x0000000084d00000, 0x0000000084d00000|100%| O|  |TAMS 0x0000000084d00000, 0x0000000084c00000| Untracked 
|  77|0x0000000084d00000, 0x0000000084e00000, 0x0000000084e00000|100%| O|  |TAMS 0x0000000084e00000, 0x0000000084d00000| Untracked 
|  78|0x0000000084e00000, 0x0000000084f00000, 0x0000000084f00000|100%| O|  |TAMS 0x0000000084f00000, 0x0000000084e00000| Untracked 
|  79|0x0000000084f00000, 0x0000000085000000, 0x0000000085000000|100%| O|  |TAMS 0x0000000085000000, 0x0000000084f00000| Untracked 
|  80|0x0000000085000000, 0x0000000085100000, 0x0000000085100000|100%| O|  |TAMS 0x0000000085100000, 0x0000000085000000| Untracked 
|  81|0x0000000085100000, 0x0000000085200000, 0x0000000085200000|100%| O|  |TAMS 0x0000000085200000, 0x0000000085100000| Untracked 
|  82|0x0000000085200000, 0x0000000085300000, 0x0000000085300000|100%| O|  |TAMS 0x0000000085300000, 0x0000000085200000| Untracked 
|  83|0x0000000085300000, 0x0000000085400000, 0x0000000085400000|100%| O|  |TAMS 0x0000000085400000, 0x0000000085300000| Untracked 
|  84|0x0000000085400000, 0x0000000085500000, 0x0000000085500000|100%| O|  |TAMS 0x0000000085500000, 0x0000000085400000| Untracked 
|  85|0x0000000085500000, 0x0000000085600000, 0x0000000085600000|100%| O|  |TAMS 0x0000000085600000, 0x0000000085500000| Untracked 
|  86|0x0000000085600000, 0x0000000085700000, 0x0000000085700000|100%| O|  |TAMS 0x0000000085700000, 0x0000000085600000| Complete 
|  87|0x0000000085700000, 0x0000000085800000, 0x0000000085800000|100%|HS|  |TAMS 0x0000000085800000, 0x0000000085700000| Complete 
|  88|0x0000000085800000, 0x0000000085900000, 0x0000000085900000|100%|HC|  |TAMS 0x0000000085900000, 0x0000000085800000| Complete 
|  89|0x0000000085900000, 0x0000000085a00000, 0x0000000085a00000|100%|HC|  |TAMS 0x0000000085a00000, 0x0000000085900000| Complete 
|  90|0x0000000085a00000, 0x0000000085b00000, 0x0000000085b00000|100%|HC|  |TAMS 0x0000000085b00000, 0x0000000085a00000| Complete 
|  91|0x0000000085b00000, 0x0000000085c00000, 0x0000000085c00000|100%|HC|  |TAMS 0x0000000085c00000, 0x0000000085b00000| Complete 
|  92|0x0000000085c00000, 0x0000000085d00000, 0x0000000085d00000|100%|HC|  |TAMS 0x0000000085d00000, 0x0000000085c00000| Complete 
|  93|0x0000000085d00000, 0x0000000085e00000, 0x0000000085e00000|100%|HS|  |TAMS 0x0000000085e00000, 0x0000000085d00000| Complete 
|  94|0x0000000085e00000, 0x0000000085f00000, 0x0000000085f00000|100%|HS|  |TAMS 0x0000000085f00000, 0x0000000085e00000| Complete 
|  95|0x0000000085f00000, 0x0000000086000000, 0x0000000086000000|100%|HS|  |TAMS 0x0000000086000000, 0x0000000085f00000| Complete 
|  96|0x0000000086000000, 0x0000000086100000, 0x0000000086100000|100%| O|  |TAMS 0x0000000086100000, 0x0000000086000000| Untracked 
|  97|0x0000000086100000, 0x0000000086200000, 0x0000000086200000|100%| O|  |TAMS 0x0000000086200000, 0x0000000086100000| Untracked 
|  98|0x0000000086200000, 0x0000000086300000, 0x0000000086300000|100%| O|  |TAMS 0x0000000086300000, 0x0000000086200000| Untracked 
|  99|0x0000000086300000, 0x0000000086400000, 0x0000000086400000|100%| O|  |TAMS 0x0000000086400000, 0x0000000086300000| Untracked 
| 100|0x0000000086400000, 0x0000000086500000, 0x0000000086500000|100%| O|  |TAMS 0x0000000086500000, 0x0000000086400000| Untracked 
| 101|0x0000000086500000, 0x0000000086600000, 0x0000000086600000|100%| O|  |TAMS 0x0000000086600000, 0x0000000086500000| Untracked 
| 102|0x0000000086600000, 0x000000008661b400, 0x0000000086700000| 10%| O|  |TAMS 0x000000008661b400, 0x0000000086600000| Untracked 
| 103|0x0000000086700000, 0x0000000086700000, 0x0000000086800000|  0%| F|  |TAMS 0x0000000086700000, 0x0000000086700000| Untracked 
| 104|0x0000000086800000, 0x0000000086800000, 0x0000000086900000|  0%| F|  |TAMS 0x0000000086800000, 0x0000000086800000| Untracked 
| 105|0x0000000086900000, 0x0000000086900000, 0x0000000086a00000|  0%| F|  |TAMS 0x0000000086900000, 0x0000000086900000| Untracked 
| 106|0x0000000086a00000, 0x0000000086a00000, 0x0000000086b00000|  0%| F|  |TAMS 0x0000000086a00000, 0x0000000086a00000| Untracked 
| 107|0x0000000086b00000, 0x0000000086b00000, 0x0000000086c00000|  0%| F|  |TAMS 0x0000000086b00000, 0x0000000086b00000| Untracked 
| 108|0x0000000086c00000, 0x0000000086c00000, 0x0000000086d00000|  0%| F|  |TAMS 0x0000000086c00000, 0x0000000086c00000| Untracked 
| 109|0x0000000086d00000, 0x0000000086d00000, 0x0000000086e00000|  0%| F|  |TAMS 0x0000000086d00000, 0x0000000086d00000| Untracked 
| 110|0x0000000086e00000, 0x0000000086e00000, 0x0000000086f00000|  0%| F|  |TAMS 0x0000000086e00000, 0x0000000086e00000| Untracked 
| 111|0x0000000086f00000, 0x0000000086f00000, 0x0000000087000000|  0%| F|  |TAMS 0x0000000086f00000, 0x0000000086f00000| Untracked 
| 112|0x0000000087000000, 0x0000000087000000, 0x0000000087100000|  0%| F|  |TAMS 0x0000000087000000, 0x0000000087000000| Untracked 
| 113|0x0000000087100000, 0x0000000087100000, 0x0000000087200000|  0%| F|  |TAMS 0x0000000087100000, 0x0000000087100000| Untracked 
| 114|0x0000000087200000, 0x0000000087200000, 0x0000000087300000|  0%| F|  |TAMS 0x0000000087200000, 0x0000000087200000| Untracked 
| 115|0x0000000087300000, 0x0000000087300000, 0x0000000087400000|  0%| F|  |TAMS 0x0000000087300000, 0x0000000087300000| Untracked 
| 116|0x0000000087400000, 0x0000000087400000, 0x0000000087500000|  0%| F|  |TAMS 0x0000000087400000, 0x0000000087400000| Untracked 
| 117|0x0000000087500000, 0x0000000087500000, 0x0000000087600000|  0%| F|  |TAMS 0x0000000087500000, 0x0000000087500000| Untracked 
| 118|0x0000000087600000, 0x0000000087600000, 0x0000000087700000|  0%| F|  |TAMS 0x0000000087600000, 0x0000000087600000| Untracked 
| 119|0x0000000087700000, 0x0000000087700000, 0x0000000087800000|  0%| F|  |TAMS 0x0000000087700000, 0x0000000087700000| Untracked 
| 120|0x0000000087800000, 0x0000000087800000, 0x0000000087900000|  0%| F|  |TAMS 0x0000000087800000, 0x0000000087800000| Untracked 
| 121|0x0000000087900000, 0x0000000087900000, 0x0000000087a00000|  0%| F|  |TAMS 0x0000000087900000, 0x0000000087900000| Untracked 
| 122|0x0000000087a00000, 0x0000000087a00000, 0x0000000087b00000|  0%| F|  |TAMS 0x0000000087a00000, 0x0000000087a00000| Untracked 
| 123|0x0000000087b00000, 0x0000000087b00000, 0x0000000087c00000|  0%| F|  |TAMS 0x0000000087b00000, 0x0000000087b00000| Untracked 
| 124|0x0000000087c00000, 0x0000000087c00000, 0x0000000087d00000|  0%| F|  |TAMS 0x0000000087c00000, 0x0000000087c00000| Untracked 
| 125|0x0000000087d00000, 0x0000000087d00000, 0x0000000087e00000|  0%| F|  |TAMS 0x0000000087d00000, 0x0000000087d00000| Untracked 
| 126|0x0000000087e00000, 0x0000000087e00000, 0x0000000087f00000|  0%| F|  |TAMS 0x0000000087e00000, 0x0000000087e00000| Untracked 
| 127|0x0000000087f00000, 0x0000000087f00000, 0x0000000088000000|  0%| F|  |TAMS 0x0000000087f00000, 0x0000000087f00000| Untracked 
| 128|0x0000000088000000, 0x0000000088000000, 0x0000000088100000|  0%| F|  |TAMS 0x0000000088000000, 0x0000000088000000| Untracked 
| 129|0x0000000088100000, 0x0000000088100000, 0x0000000088200000|  0%| F|  |TAMS 0x0000000088100000, 0x0000000088100000| Untracked 
| 130|0x0000000088200000, 0x0000000088200000, 0x0000000088300000|  0%| F|  |TAMS 0x0000000088200000, 0x0000000088200000| Untracked 
| 131|0x0000000088300000, 0x0000000088300000, 0x0000000088400000|  0%| F|  |TAMS 0x0000000088300000, 0x0000000088300000| Untracked 
| 132|0x0000000088400000, 0x0000000088400000, 0x0000000088500000|  0%| F|  |TAMS 0x0000000088400000, 0x0000000088400000| Untracked 
| 133|0x0000000088500000, 0x00000000885aaa00, 0x0000000088600000| 66%| S|CS|TAMS 0x0000000088500000, 0x0000000088500000| Complete 
| 134|0x0000000088600000, 0x0000000088700000, 0x0000000088700000|100%| S|CS|TAMS 0x0000000088600000, 0x0000000088600000| Complete 
| 135|0x0000000088700000, 0x0000000088700000, 0x0000000088800000|  0%| F|  |TAMS 0x0000000088700000, 0x0000000088700000| Untracked 
| 136|0x0000000088800000, 0x0000000088800000, 0x0000000088900000|  0%| F|  |TAMS 0x0000000088800000, 0x0000000088800000| Untracked 
| 137|0x0000000088900000, 0x0000000088900000, 0x0000000088a00000|  0%| F|  |TAMS 0x0000000088900000, 0x0000000088900000| Untracked 
| 138|0x0000000088a00000, 0x0000000088a00000, 0x0000000088b00000|  0%| F|  |TAMS 0x0000000088a00000, 0x0000000088a00000| Untracked 
| 139|0x0000000088b00000, 0x0000000088b00000, 0x0000000088c00000|  0%| F|  |TAMS 0x0000000088b00000, 0x0000000088b00000| Untracked 
| 140|0x0000000088c00000, 0x0000000088c00000, 0x0000000088d00000|  0%| F|  |TAMS 0x0000000088c00000, 0x0000000088c00000| Untracked 
| 141|0x0000000088d00000, 0x0000000088d00000, 0x0000000088e00000|  0%| F|  |TAMS 0x0000000088d00000, 0x0000000088d00000| Untracked 
| 142|0x0000000088e00000, 0x0000000088e00000, 0x0000000088f00000|  0%| F|  |TAMS 0x0000000088e00000, 0x0000000088e00000| Untracked 
| 143|0x0000000088f00000, 0x0000000088f00000, 0x0000000089000000|  0%| F|  |TAMS 0x0000000088f00000, 0x0000000088f00000| Untracked 
| 144|0x0000000089000000, 0x0000000089000000, 0x0000000089100000|  0%| F|  |TAMS 0x0000000089000000, 0x0000000089000000| Untracked 
| 145|0x0000000089100000, 0x0000000089100000, 0x0000000089200000|  0%| F|  |TAMS 0x0000000089100000, 0x0000000089100000| Untracked 
| 146|0x0000000089200000, 0x0000000089200000, 0x0000000089300000|  0%| F|  |TAMS 0x0000000089200000, 0x0000000089200000| Untracked 
| 147|0x0000000089300000, 0x0000000089300000, 0x0000000089400000|  0%| F|  |TAMS 0x0000000089300000, 0x0000000089300000| Untracked 
| 148|0x0000000089400000, 0x0000000089400000, 0x0000000089500000|  0%| F|  |TAMS 0x0000000089400000, 0x0000000089400000| Untracked 
| 149|0x0000000089500000, 0x0000000089500000, 0x0000000089600000|  0%| F|  |TAMS 0x0000000089500000, 0x0000000089500000| Untracked 
| 150|0x0000000089600000, 0x0000000089600000, 0x0000000089700000|  0%| F|  |TAMS 0x0000000089600000, 0x0000000089600000| Untracked 
| 151|0x0000000089700000, 0x0000000089700000, 0x0000000089800000|  0%| F|  |TAMS 0x0000000089700000, 0x0000000089700000| Untracked 
| 152|0x0000000089800000, 0x0000000089800000, 0x0000000089900000|  0%| F|  |TAMS 0x0000000089800000, 0x0000000089800000| Untracked 
| 153|0x0000000089900000, 0x0000000089900000, 0x0000000089a00000|  0%| F|  |TAMS 0x0000000089900000, 0x0000000089900000| Untracked 
| 154|0x0000000089a00000, 0x0000000089a00000, 0x0000000089b00000|  0%| F|  |TAMS 0x0000000089a00000, 0x0000000089a00000| Untracked 
| 155|0x0000000089b00000, 0x0000000089b00000, 0x0000000089c00000|  0%| F|  |TAMS 0x0000000089b00000, 0x0000000089b00000| Untracked 
| 156|0x0000000089c00000, 0x0000000089c00000, 0x0000000089d00000|  0%| F|  |TAMS 0x0000000089c00000, 0x0000000089c00000| Untracked 
| 157|0x0000000089d00000, 0x0000000089d00000, 0x0000000089e00000|  0%| F|  |TAMS 0x0000000089d00000, 0x0000000089d00000| Untracked 
| 158|0x0000000089e00000, 0x0000000089e00000, 0x0000000089f00000|  0%| F|  |TAMS 0x0000000089e00000, 0x0000000089e00000| Untracked 
| 159|0x0000000089f00000, 0x0000000089f00000, 0x000000008a000000|  0%| F|  |TAMS 0x0000000089f00000, 0x0000000089f00000| Untracked 
| 160|0x000000008a000000, 0x000000008a000000, 0x000000008a100000|  0%| F|  |TAMS 0x000000008a000000, 0x000000008a000000| Untracked 
| 161|0x000000008a100000, 0x000000008a100000, 0x000000008a200000|  0%| F|  |TAMS 0x000000008a100000, 0x000000008a100000| Untracked 
| 162|0x000000008a200000, 0x000000008a200000, 0x000000008a300000|  0%| F|  |TAMS 0x000000008a200000, 0x000000008a200000| Untracked 
| 163|0x000000008a300000, 0x000000008a300000, 0x000000008a400000|  0%| F|  |TAMS 0x000000008a300000, 0x000000008a300000| Untracked 
| 164|0x000000008a400000, 0x000000008a400000, 0x000000008a500000|  0%| F|  |TAMS 0x000000008a400000, 0x000000008a400000| Untracked 
| 165|0x000000008a500000, 0x000000008a600000, 0x000000008a600000|100%| E|CS|TAMS 0x000000008a500000, 0x000000008a500000| Complete 
| 166|0x000000008a600000, 0x000000008a700000, 0x000000008a700000|100%| E|CS|TAMS 0x000000008a600000, 0x000000008a600000| Complete 
| 167|0x000000008a700000, 0x000000008a800000, 0x000000008a800000|100%| E|CS|TAMS 0x000000008a700000, 0x000000008a700000| Complete 
| 168|0x000000008a800000, 0x000000008a900000, 0x000000008a900000|100%| E|CS|TAMS 0x000000008a800000, 0x000000008a800000| Complete 
| 169|0x000000008a900000, 0x000000008a900000, 0x000000008aa00000|  0%| F|  |TAMS 0x000000008a900000, 0x000000008a900000| Untracked 
| 170|0x000000008aa00000, 0x000000008aa00000, 0x000000008ab00000|  0%| F|  |TAMS 0x000000008aa00000, 0x000000008aa00000| Untracked 
| 171|0x000000008ab00000, 0x000000008ab00000, 0x000000008ac00000|  0%| F|  |TAMS 0x000000008ab00000, 0x000000008ab00000| Untracked 
| 172|0x000000008ac00000, 0x000000008ac00000, 0x000000008ad00000|  0%| F|  |TAMS 0x000000008ac00000, 0x000000008ac00000| Untracked 
| 173|0x000000008ad00000, 0x000000008ad00000, 0x000000008ae00000|  0%| F|  |TAMS 0x000000008ad00000, 0x000000008ad00000| Untracked 
| 174|0x000000008ae00000, 0x000000008ae00000, 0x000000008af00000|  0%| F|  |TAMS 0x000000008ae00000, 0x000000008ae00000| Untracked 
| 175|0x000000008af00000, 0x000000008af00000, 0x000000008b000000|  0%| F|  |TAMS 0x000000008af00000, 0x000000008af00000| Untracked 
| 176|0x000000008b000000, 0x000000008b100000, 0x000000008b100000|100%| E|  |TAMS 0x000000008b000000, 0x000000008b000000| Complete 
| 177|0x000000008b100000, 0x000000008b200000, 0x000000008b200000|100%| E|CS|TAMS 0x000000008b100000, 0x000000008b100000| Complete 
| 178|0x000000008b200000, 0x000000008b300000, 0x000000008b300000|100%| E|CS|TAMS 0x000000008b200000, 0x000000008b200000| Complete 
| 179|0x000000008b300000, 0x000000008b400000, 0x000000008b400000|100%| E|CS|TAMS 0x000000008b300000, 0x000000008b300000| Complete 

Card table byte_map: [0x0000018556c40000,0x0000018557040000] _byte_map_base: 0x0000018556840000

Marking Bits (Prev, Next): (CMBitMap*) 0x000001854409b4a0, (CMBitMap*) 0x000001854409b460
 Prev Bits: [0x0000018559440000, 0x000001855b440000)
 Next Bits: [0x0000018557440000, 0x0000018559440000)

Polling page: 0x00000185437f0000

Metaspace:

Usage:
  Non-class:     81.98 MB used.
      Class:     12.84 MB used.
       Both:     94.82 MB used.

Virtual space:
  Non-class space:      128.00 MB reserved,      82.31 MB ( 64%) committed,  2 nodes.
      Class space:        1.00 GB reserved,      13.19 MB (  1%) committed,  1 nodes.
             Both:        1.12 GB reserved,      95.50 MB (  8%) committed. 

Chunk freelists:
   Non-Class:  12.94 MB
       Class:  2.66 MB
        Both:  15.59 MB

MaxMetaspaceSize: unlimited
CompressedClassSpaceSize: 1.00 GB
Initial GC threshold: 21.00 MB
Current GC threshold: 158.44 MB
CDS: off
MetaspaceReclaimPolicy: balanced
 - commit_granule_bytes: 65536.
 - commit_granule_words: 8192.
 - virtual_space_node_default_size: 8388608.
 - enlarge_chunks_in_place: 1.
 - new_chunks_are_fully_committed: 0.
 - uncommit_free_chunks: 1.
 - use_allocation_guard: 0.
 - handle_deallocations: 1.


Internal statistics:

num_allocs_failed_limit: 6.
num_arena_births: 842.
num_arena_deaths: 0.
num_vsnodes_births: 3.
num_vsnodes_deaths: 0.
num_space_committed: 1526.
num_space_uncommitted: 0.
num_chunks_returned_to_freelist: 6.
num_chunks_taken_from_freelist: 4021.
num_chunk_merges: 6.
num_chunk_splits: 2910.
num_chunks_enlarged: 2209.
num_inconsistent_stats: 0.

CodeHeap 'non-profiled nmethods': size=120000Kb used=3346Kb max_used=3362Kb free=116653Kb
 bounds [0x000001854efe0000, 0x000001854f330000, 0x0000018556510000]
CodeHeap 'profiled nmethods': size=120000Kb used=13742Kb max_used=13742Kb free=106257Kb
 bounds [0x0000018547510000, 0x0000018548280000, 0x000001854ea40000]
CodeHeap 'non-nmethods': size=5760Kb used=2438Kb max_used=2472Kb free=3321Kb
 bounds [0x000001854ea40000, 0x000001854ecb0000, 0x000001854efe0000]
 total_blobs=7991 nmethods=7028 adapters=873
 compilation: enabled
              stopped_count=0, restarted_count=0
 full_count=0

Compilation events (20 events):
Event: 15.323 Thread 0x00000185620802c0 nmethod 7794 0x0000018548272410 code [0x00000185482725e0, 0x0000018548272a18]
Event: 15.327 Thread 0x00000185620802c0 7795   !   3       org.jetbrains.kotlin.com.intellij.openapi.util.Key::<init> (58 bytes)
Event: 15.328 Thread 0x00000185620802c0 nmethod 7795 0x0000018548272b90 code [0x0000018548272d60, 0x0000018548273128]
Event: 15.328 Thread 0x00000185620802c0 7796       3       org.jetbrains.kotlin.com.intellij.util.containers.IntKeyWeakValueHashMap::put (49 bytes)
Event: 15.329 Thread 0x00000185620802c0 nmethod 7796 0x0000018548273310 code [0x0000018548273580, 0x0000018548274238]
Event: 15.334 Thread 0x00000185620802c0 7797   !   3       java.lang.ClassLoader::loadClass (121 bytes)
Event: 15.335 Thread 0x00000185620802c0 nmethod 7797 0x0000018548274710 code [0x00000185482749c0, 0x0000018548275608]
Event: 15.335 Thread 0x00000185620802c0 7798       3       java.lang.String::replace (42 bytes)
Event: 15.336 Thread 0x00000185620802c0 nmethod 7798 0x0000018548275c90 code [0x0000018548275e60, 0x0000018548276198]
Event: 15.338 Thread 0x00000185620802c0 7799       3       java.lang.StringConcatHelper::newString (67 bytes)
Event: 15.339 Thread 0x00000185620802c0 nmethod 7799 0x0000018548276290 code [0x0000018548276500, 0x0000018548276f48]
Event: 15.356 Thread 0x0000018562075e80 7800       4       java.lang.ClassLoader::getClassLoadingLock (35 bytes)
Event: 15.357 Thread 0x0000018562075e80 nmethod 7800 0x000001854f328690 code [0x000001854f328820, 0x000001854f328948]
Event: 15.360 Thread 0x00000185620802c0 7801       3       java.lang.ClassLoader::postDefineClass (39 bytes)
Event: 15.361 Thread 0x00000185620802c0 nmethod 7801 0x0000018548277310 code [0x0000018548277500, 0x0000018548277818]
Event: 15.373 Thread 0x0000018562075e80 7802  s!   4       jdk.internal.loader.URLClassPath::getLoader (194 bytes)
Event: 15.394 Thread 0x00000185620802c0 7803       3       java.lang.ClassLoader::defineClass (43 bytes)
Event: 15.395 Thread 0x00000185620802c0 nmethod 7803 0x0000018548277990 code [0x0000018548277b80, 0x0000018548278078]
Event: 15.438 Thread 0x00000185620802c0 7804   !   3       jdk.internal.loader.BuiltinClassLoader::loadClassOrNull (143 bytes)
Event: 15.440 Thread 0x00000185620802c0 nmethod 7804 0x0000018548278310 code [0x0000018548278640, 0x0000018548279b38]

GC Heap History (20 events):
Event: 12.787 GC heap before
{Heap before GC invocations=35 (full 0):
 garbage-first heap   total 116736K, used 95107K [0x0000000080000000, 0x0000000100000000)
  region size 1024K, 30 young (30720K), 2 survivors (2048K)
 Metaspace       used 80981K, committed 81728K, reserved 1179648K
  class space    used 11356K, committed 11712K, reserved 1048576K
}
Event: 12.791 GC heap after
{Heap after GC invocations=36 (full 0):
 garbage-first heap   total 116736K, used 67108K [0x0000000080000000, 0x0000000100000000)
  region size 1024K, 3 young (3072K), 3 survivors (3072K)
 Metaspace       used 80981K, committed 81728K, reserved 1179648K
  class space    used 11356K, committed 11712K, reserved 1048576K
}
Event: 13.097 GC heap before
{Heap before GC invocations=36 (full 0):
 garbage-first heap   total 116736K, used 86564K [0x0000000080000000, 0x0000000100000000)
  region size 1024K, 23 young (23552K), 3 survivors (3072K)
 Metaspace       used 84132K, committed 84864K, reserved 1179648K
  class space    used 11775K, committed 12096K, reserved 1048576K
}
Event: 13.101 GC heap after
{Heap after GC invocations=37 (full 0):
 garbage-first heap   total 116736K, used 67542K [0x0000000080000000, 0x0000000100000000)
  region size 1024K, 4 young (4096K), 4 survivors (4096K)
 Metaspace       used 84132K, committed 84864K, reserved 1179648K
  class space    used 11775K, committed 12096K, reserved 1048576K
}
Event: 13.384 GC heap before
{Heap before GC invocations=38 (full 0):
 garbage-first heap   total 132096K, used 105430K [0x0000000080000000, 0x0000000100000000)
  region size 1024K, 34 young (34816K), 4 survivors (4096K)
 Metaspace       used 84451K, committed 85248K, reserved 1179648K
  class space    used 11784K, committed 12160K, reserved 1048576K
}
Event: 13.397 GC heap after
{Heap after GC invocations=39 (full 0):
 garbage-first heap   total 132096K, used 76144K [0x0000000080000000, 0x0000000100000000)
  region size 1024K, 5 young (5120K), 5 survivors (5120K)
 Metaspace       used 84451K, committed 85248K, reserved 1179648K
  class space    used 11784K, committed 12160K, reserved 1048576K
}
Event: 13.419 GC heap before
{Heap before GC invocations=39 (full 0):
 garbage-first heap   total 132096K, used 79216K [0x0000000080000000, 0x0000000100000000)
  region size 1024K, 9 young (9216K), 5 survivors (5120K)
 Metaspace       used 84451K, committed 85248K, reserved 1179648K
  class space    used 11784K, committed 12160K, reserved 1048576K
}
Event: 13.427 GC heap after
{Heap after GC invocations=40 (full 0):
 garbage-first heap   total 158720K, used 77841K [0x0000000080000000, 0x0000000100000000)
  region size 1024K, 2 young (2048K), 2 survivors (2048K)
 Metaspace       used 84451K, committed 85248K, reserved 1179648K
  class space    used 11784K, committed 12160K, reserved 1048576K
}
Event: 13.781 GC heap before
{Heap before GC invocations=41 (full 0):
 garbage-first heap   total 158720K, used 120849K [0x0000000080000000, 0x0000000100000000)
  region size 1024K, 41 young (41984K), 2 survivors (2048K)
 Metaspace       used 84667K, committed 85376K, reserved 1179648K
  class space    used 11812K, committed 12160K, reserved 1048576K
}
Event: 13.791 GC heap after
{Heap after GC invocations=42 (full 0):
 garbage-first heap   total 158720K, used 87516K [0x0000000080000000, 0x0000000100000000)
  region size 1024K, 6 young (6144K), 6 survivors (6144K)
 Metaspace       used 84667K, committed 85376K, reserved 1179648K
  class space    used 11812K, committed 12160K, reserved 1048576K
}
Event: 13.803 GC heap before
{Heap before GC invocations=42 (full 0):
 garbage-first heap   total 158720K, used 87516K [0x0000000080000000, 0x0000000100000000)
  region size 1024K, 7 young (7168K), 6 survivors (6144K)
 Metaspace       used 84740K, committed 85440K, reserved 1179648K
  class space    used 11820K, committed 12160K, reserved 1048576K
}
Event: 13.807 GC heap after
{Heap after GC invocations=43 (full 0):
 garbage-first heap   total 158720K, used 88674K [0x0000000080000000, 0x0000000100000000)
  region size 1024K, 1 young (1024K), 1 survivors (1024K)
 Metaspace       used 84740K, committed 85440K, reserved 1179648K
  class space    used 11820K, committed 12160K, reserved 1048576K
}
Event: 14.312 GC heap before
{Heap before GC invocations=43 (full 0):
 garbage-first heap   total 158720K, used 119394K [0x0000000080000000, 0x0000000100000000)
  region size 1024K, 32 young (32768K), 1 survivors (1024K)
 Metaspace       used 88578K, committed 89216K, reserved 1179648K
  class space    used 12286K, committed 12608K, reserved 1048576K
}
Event: 14.315 GC heap after
{Heap after GC invocations=44 (full 0):
 garbage-first heap   total 158720K, used 89437K [0x0000000080000000, 0x0000000100000000)
  region size 1024K, 2 young (2048K), 2 survivors (2048K)
 Metaspace       used 88578K, committed 89216K, reserved 1179648K
  class space    used 12286K, committed 12608K, reserved 1048576K
}
Event: 14.814 GC heap before
{Heap before GC invocations=45 (full 0):
 garbage-first heap   total 173056K, used 134493K [0x0000000080000000, 0x0000000100000000)
  region size 1024K, 36 young (36864K), 2 survivors (2048K)
 Metaspace       used 91600K, committed 92288K, reserved 1179648K
  class space    used 12598K, committed 12928K, reserved 1048576K
}
Event: 14.817 GC heap after
{Heap after GC invocations=46 (full 0):
 garbage-first heap   total 173056K, used 104001K [0x0000000080000000, 0x0000000100000000)
  region size 1024K, 5 young (5120K), 5 survivors (5120K)
 Metaspace       used 91600K, committed 92288K, reserved 1179648K
  class space    used 12598K, committed 12928K, reserved 1048576K
}
Event: 14.868 GC heap before
{Heap before GC invocations=46 (full 0):
 garbage-first heap   total 173056K, used 106049K [0x0000000080000000, 0x0000000100000000)
  region size 1024K, 8 young (8192K), 5 survivors (5120K)
 Metaspace       used 92000K, committed 92736K, reserved 1179648K
  class space    used 12637K, committed 12992K, reserved 1048576K
}
Event: 14.871 GC heap after
{Heap after GC invocations=47 (full 0):
 garbage-first heap   total 173056K, used 104085K [0x0000000080000000, 0x0000000100000000)
  region size 1024K, 1 young (1024K), 1 survivors (1024K)
 Metaspace       used 92000K, committed 92736K, reserved 1179648K
  class space    used 12637K, committed 12992K, reserved 1048576K
}
Event: 15.323 GC heap before
{Heap before GC invocations=47 (full 0):
 garbage-first heap   total 173056K, used 137877K [0x0000000080000000, 0x0000000100000000)
  region size 1024K, 34 young (34816K), 1 survivors (1024K)
 Metaspace       used 96095K, committed 96832K, reserved 1179648K
  class space    used 13012K, committed 13376K, reserved 1048576K
}
Event: 15.326 GC heap after
{Heap after GC invocations=48 (full 0):
 garbage-first heap   total 173056K, used 105239K [0x0000000080000000, 0x0000000100000000)
  region size 1024K, 2 young (2048K), 2 survivors (2048K)
 Metaspace       used 96095K, committed 96832K, reserved 1179648K
  class space    used 13012K, committed 13376K, reserved 1048576K
}

Dll operation events (3 events):
Event: 0.014 Loaded shared library C:\Program Files\Android\Android Studio\jbr\bin\java.dll
Event: 0.182 Loaded shared library C:\Program Files\Android\Android Studio\jbr\bin\zip.dll
Event: 0.415 Loaded shared library C:\Program Files\Android\Android Studio\jbr\bin\verify.dll

Deoptimization events (20 events):
Event: 15.290 Thread 0x000001856205db40 Uncommon trap: trap_request=0xffffff45 fr.pc=0x000001854f129b7c relative=0x00000000000008fc
Event: 15.290 Thread 0x000001856205db40 Uncommon trap: reason=unstable_if action=reinterpret pc=0x000001854f129b7c method=java.lang.String.indexOf(II)I @ 4 c2
Event: 15.290 Thread 0x000001856205db40 DEOPT PACKING pc=0x000001854f129b7c sp=0x00000044811ec610
Event: 15.290 Thread 0x000001856205db40 DEOPT UNPACKING pc=0x000001854ea9a1a3 sp=0x00000044811ec458 mode 2
Event: 15.290 Thread 0x000001856205db40 Uncommon trap: trap_request=0xffffff45 fr.pc=0x000001854f101d88 relative=0x0000000000000648
Event: 15.290 Thread 0x000001856205db40 Uncommon trap: reason=unstable_if action=reinterpret pc=0x000001854f101d88 method=java.lang.String.lastIndexOf(II)I @ 4 c2
Event: 15.290 Thread 0x000001856205db40 DEOPT PACKING pc=0x000001854f101d88 sp=0x00000044811ec510
Event: 15.290 Thread 0x000001856205db40 DEOPT UNPACKING pc=0x000001854ea9a1a3 sp=0x00000044811ec418 mode 2
Event: 15.290 Thread 0x000001856205db40 Uncommon trap: trap_request=0xffffff45 fr.pc=0x000001854f1329a8 relative=0x00000000000012e8
Event: 15.290 Thread 0x000001856205db40 Uncommon trap: reason=unstable_if action=reinterpret pc=0x000001854f1329a8 method=java.lang.String.lastIndexOf(II)I @ 4 c2
Event: 15.290 Thread 0x000001856205db40 DEOPT PACKING pc=0x000001854f1329a8 sp=0x00000044811ec570
Event: 15.290 Thread 0x000001856205db40 DEOPT UNPACKING pc=0x000001854ea9a1a3 sp=0x00000044811ec418 mode 2
Event: 15.333 Thread 0x000001856205db40 DEOPT PACKING pc=0x000001854826e408 sp=0x00000044811f0120
Event: 15.333 Thread 0x000001856205db40 DEOPT UNPACKING pc=0x000001854ea9ace3 sp=0x00000044811ef638 mode 0
Event: 15.348 Thread 0x000001856205db40 Uncommon trap: trap_request=0xffffff45 fr.pc=0x000001854f229784 relative=0x00000000000000e4
Event: 15.348 Thread 0x000001856205db40 Uncommon trap: reason=unstable_if action=reinterpret pc=0x000001854f229784 method=org.jetbrains.kotlin.com.intellij.util.SmartList.get(I)Ljava/lang/Object; @ 13 c2
Event: 15.348 Thread 0x000001856205db40 DEOPT PACKING pc=0x000001854f229784 sp=0x00000044811f46b0
Event: 15.348 Thread 0x000001856205db40 DEOPT UNPACKING pc=0x000001854ea9a1a3 sp=0x00000044811f4640 mode 2
Event: 15.474 Thread 0x000001856205db40 DEOPT PACKING pc=0x000001854826e408 sp=0x00000044811f2ee0
Event: 15.474 Thread 0x000001856205db40 DEOPT UNPACKING pc=0x000001854ea9ace3 sp=0x00000044811f23f8 mode 0

Classes unloaded (0 events):
No events

Classes redefined (0 events):
No events

Internal exceptions (20 events):
Event: 7.348 Thread 0x000001856205db40 Exception <a 'java/lang/NoSuchMethodError'{0x000000008527a320}: 'void java.lang.invoke.DirectMethodHandle$Holder.invokeStatic(java.lang.Object, java.lang.Object, java.lang.Object, int, java.lang.Object)'> (0x000000008527a320) 
thrown [s\src\hotspot\share\interpreter\linkResolver.cpp, line 771]
Event: 7.369 Thread 0x000001856205db40 Implicit null exception at 0x000001854f01e572 to 0x000001854f01ebb4
Event: 7.425 Thread 0x000001856205db40 Exception <a 'sun/nio/fs/WindowsException'{0x0000000084fa9478}> (0x0000000084fa9478) 
thrown [s\src\hotspot\share\prims\jni.cpp, line 517]
Event: 8.079 Thread 0x000001856205db40 Implicit null exception at 0x000001854f0cb968 to 0x000001854f0cbae8
Event: 10.027 Thread 0x000001856205db40 Exception <a 'java/lang/NoSuchMethodError'{0x00000000867bf098}: 'void java.lang.invoke.DirectMethodHandle$Holder.invokeVirtual(java.lang.Object, java.lang.Object)'> (0x00000000867bf098) 
thrown [s\src\hotspot\share\interpreter\linkResolver.cpp, line 771]
Event: 10.110 Thread 0x000001856205db40 Exception <a 'java/lang/NoSuchMethodError'{0x00000000865ca9c8}: 'java.lang.Object java.lang.invoke.DirectMethodHandle$Holder.invokeStaticInit(java.lang.Object, int)'> (0x00000000865ca9c8) 
thrown [s\src\hotspot\share\interpreter\linkResolver.cpp, line 771]
Event: 11.842 Thread 0x000001856205db40 Exception <a 'sun/nio/fs/WindowsException'{0x0000000085f36a08}> (0x0000000085f36a08) 
thrown [s\src\hotspot\share\prims\jni.cpp, line 517]
Event: 11.843 Thread 0x000001856205db40 Exception <a 'sun/nio/fs/WindowsException'{0x0000000085f38a68}> (0x0000000085f38a68) 
thrown [s\src\hotspot\share\prims\jni.cpp, line 517]
Event: 12.018 Thread 0x000001856205db40 Exception <a 'java/lang/NoSuchMethodError'{0x00000000856bbcd0}: 'long java.lang.invoke.DirectMethodHandle$Holder.invokeStatic(java.lang.Object)'> (0x00000000856bbcd0) 
thrown [s\src\hotspot\share\interpreter\linkResolver.cpp, line 771]
Event: 12.019 Thread 0x000001856205db40 Exception <a 'java/lang/NoSuchMethodError'{0x00000000856c0b60}: 'long java.lang.invoke.DirectMethodHandle$Holder.invokeStaticInit(java.lang.Object)'> (0x00000000856c0b60) 
thrown [s\src\hotspot\share\interpreter\linkResolver.cpp, line 771]
Event: 12.170 Thread 0x000001856205db40 Exception <a 'java/lang/NoSuchMethodError'{0x0000000086e1c1d0}: 'long java.lang.invoke.Invokers$Holder.invoke_MT(java.lang.Object, java.lang.Object, java.lang.Object, java.lang.Object)'> (0x0000000086e1c1d0) 
thrown [s\src\hotspot\share\interpreter\linkResolver.cpp, line 771]
Event: 12.173 Thread 0x000001856205db40 Exception <a 'java/lang/NoSuchMethodError'{0x0000000086e25820}: 'int java.lang.invoke.Invokers$Holder.invoke_MT(java.lang.Object, java.lang.Object, java.lang.Object, java.lang.Object)'> (0x0000000086e25820) 
thrown [s\src\hotspot\share\interpreter\linkResolver.cpp, line 771]
Event: 12.175 Thread 0x000001856205db40 Exception <a 'java/lang/NoSuchMethodError'{0x0000000086e36380}: 'void java.lang.invoke.DelegatingMethodHandle$Holder.reinvoke_L(java.lang.Object, java.lang.Object, java.lang.Object, long, java.lang.Object)'> (0x0000000086e36380) 
thrown [s\src\hotspot\share\interpreter\linkResolver.cpp, line 771]
Event: 12.176 Thread 0x000001856205db40 Exception <a 'java/lang/NoSuchMethodError'{0x0000000086e3ef58}: 'java.lang.Object java.lang.invoke.DirectMethodHandle$Holder.invokeSpecial(java.lang.Object, java.lang.Object, java.lang.Object, java.lang.Object, long)'> (0x0000000086e3ef58) 
thrown [s\src\hotspot\share\interpreter\linkResolver.cpp, line 771]
Event: 12.178 Thread 0x000001856205db40 Exception <a 'java/lang/NoSuchMethodError'{0x0000000086e4f9d0}: 'int java.lang.invoke.DelegatingMethodHandle$Holder.reinvoke_L(java.lang.Object, java.lang.Object, java.lang.Object, long, java.lang.Object, java.lang.Object)'> (0x0000000086e4f9d0) 
thrown [s\src\hotspot\share\interpreter\linkResolver.cpp, line 771]
Event: 12.180 Thread 0x000001856205db40 Exception <a 'java/lang/NoSuchMethodError'{0x0000000086e5fd48}: 'int java.lang.invoke.DelegatingMethodHandle$Holder.reinvoke_L(java.lang.Object, java.lang.Object, java.lang.Object, long, int, int)'> (0x0000000086e5fd48) 
thrown [s\src\hotspot\share\interpreter\linkResolver.cpp, line 771]
Event: 12.183 Thread 0x000001856205db40 Exception <a 'java/lang/NoSuchMethodError'{0x0000000086e6fe68}: 'int java.lang.invoke.DelegatingMethodHandle$Holder.reinvoke_L(java.lang.Object, java.lang.Object, java.lang.Object, long, long, long)'> (0x0000000086e6fe68) 
thrown [s\src\hotspot\share\interpreter\linkResolver.cpp, line 771]
Event: 12.185 Thread 0x000001856205db40 Exception <a 'java/lang/NoSuchMethodError'{0x0000000086e7fc68}: 'int java.lang.invoke.DelegatingMethodHandle$Holder.reinvoke_L(java.lang.Object, java.lang.Object, java.lang.Object, long, int)'> (0x0000000086e7fc68) 
thrown [s\src\hotspot\share\interpreter\linkResolver.cpp, line 771]
Event: 13.034 Thread 0x000001856205db40 Exception <a 'java/lang/NoSuchMethodError'{0x00000000862c38a0}: 'java.lang.Object java.lang.invoke.Invokers$Holder.invokeExact_MT(java.lang.Object, java.lang.Object, long, java.lang.Object)'> (0x00000000862c38a0) 
thrown [s\src\hotspot\share\interpreter\linkResolver.cpp, line 771]
Event: 13.073 Thread 0x000001856205db40 Exception <a 'java/lang/NoSuchMethodError'{0x0000000085f47590}: 'java.lang.Object java.lang.invoke.Invokers$Holder.invoke_MT(java.lang.Object, java.lang.Object, java.lang.Object)'> (0x0000000085f47590) 
thrown [s\src\hotspot\share\interpreter\linkResolver.cpp, line 771]

VM Operations (20 events):
Event: 14.383 Executing VM operation: G1PauseRemark
Event: 14.386 Executing VM operation: G1PauseRemark done
Event: 14.420 Executing VM operation: G1PauseCleanup
Event: 14.420 Executing VM operation: G1PauseCleanup done
Event: 14.813 Executing VM operation: G1CollectForAllocation
Event: 14.817 Executing VM operation: G1CollectForAllocation done
Event: 14.868 Executing VM operation: G1CollectForAllocation
Event: 14.872 Executing VM operation: G1CollectForAllocation done
Event: 15.323 Executing VM operation: G1CollectForAllocation
Event: 15.326 Executing VM operation: G1CollectForAllocation done
Event: 15.372 Executing VM operation: HandshakeAllThreads
Event: 15.372 Executing VM operation: HandshakeAllThreads done
Event: 15.372 Executing VM operation: HandshakeAllThreads
Event: 15.372 Executing VM operation: HandshakeAllThreads done
Event: 15.409 Executing VM operation: G1PauseRemark
Event: 15.413 Executing VM operation: G1PauseRemark done
Event: 15.449 Executing VM operation: G1PauseCleanup
Event: 15.449 Executing VM operation: G1PauseCleanup done
Event: 15.462 Executing VM operation: HandshakeAllThreads
Event: 15.462 Executing VM operation: HandshakeAllThreads done

Events (20 events):
Event: 13.074 loading class sun/nio/ch/FileChannelImpl$DefaultUnmapper
Event: 13.074 loading class sun/nio/ch/FileChannelImpl$Unmapper
Event: 13.074 loading class jdk/internal/access/foreign/UnmapperProxy
Event: 13.074 loading class jdk/internal/access/foreign/UnmapperProxy done
Event: 13.074 loading class sun/nio/ch/FileChannelImpl$Unmapper done
Event: 13.074 loading class sun/nio/ch/FileChannelImpl$DefaultUnmapper done
Event: 13.074 loading class sun/nio/ch/Util$4
Event: 13.074 loading class sun/nio/ch/Util$4 done
Event: 13.074 loading class jdk/internal/access/foreign/MemorySegmentProxy
Event: 13.074 loading class jdk/internal/access/foreign/MemorySegmentProxy done
Event: 13.075 loading class java/io/UTFDataFormatException
Event: 13.075 loading class java/io/UTFDataFormatException done
Event: 13.743 loading class java/nio/channels/NonWritableChannelException
Event: 13.743 loading class java/nio/channels/NonWritableChannelException done
Event: 15.372 Thread 0x0000018562080bd0 flushing nmethod 0x000001854eff5110
Event: 15.372 Thread 0x0000018562080bd0 flushing nmethod 0x000001854f001f10
Event: 15.372 Thread 0x0000018562080bd0 flushing nmethod 0x000001854f042990
Event: 15.373 Thread 0x0000018562080bd0 flushing nmethod 0x000001854f0c2590
Event: 15.373 Thread 0x0000018562080bd0 flushing nmethod 0x000001854f1c1990
Event: 15.373 Thread 0x0000018562080bd0 flushing nmethod 0x000001854f1de690


Dynamic libraries:
0x00007ff602ac0000 - 0x00007ff602aca000 	C:\Program Files\Android\Android Studio\jbr\bin\java.exe
0x00007ff905230000 - 0x00007ff905447000 	C:\WINDOWS\SYSTEM32\ntdll.dll
0x00007ff903f50000 - 0x00007ff904014000 	C:\WINDOWS\System32\KERNEL32.DLL
0x00007ff902ae0000 - 0x00007ff902e87000 	C:\WINDOWS\System32\KERNELBASE.dll
0x00007ff902820000 - 0x00007ff902931000 	C:\WINDOWS\System32\ucrtbase.dll
0x00007ff8f1520000 - 0x00007ff8f153b000 	C:\Program Files\Android\Android Studio\jbr\bin\VCRUNTIME140.dll
0x00007ff8f1540000 - 0x00007ff8f1557000 	C:\Program Files\Android\Android Studio\jbr\bin\jli.dll
0x00007ff9034e0000 - 0x00007ff90368e000 	C:\WINDOWS\System32\USER32.dll
0x00007ff902f30000 - 0x00007ff902f56000 	C:\WINDOWS\System32\win32u.dll
0x00007ff8dadb0000 - 0x00007ff8db043000 	C:\WINDOWS\WinSxS\amd64_microsoft.windows.common-controls_6595b64144ccf1df_6.0.22621.3527_none_270e469b73872a76\COMCTL32.dll
0x00007ff9042d0000 - 0x00007ff9042f9000 	C:\WINDOWS\System32\GDI32.dll
0x00007ff904520000 - 0x00007ff9045c7000 	C:\WINDOWS\System32\msvcrt.dll
0x00007ff902550000 - 0x00007ff902669000 	C:\WINDOWS\System32\gdi32full.dll
0x00007ff902e90000 - 0x00007ff902f2a000 	C:\WINDOWS\System32\msvcp_win.dll
0x00007ff9034a0000 - 0x00007ff9034d1000 	C:\WINDOWS\System32\IMM32.DLL
0x00007ff8fd570000 - 0x00007ff8fd57c000 	C:\Program Files\Android\Android Studio\jbr\bin\vcruntime140_1.dll
0x00007ff8d8550000 - 0x00007ff8d85dd000 	C:\Program Files\Android\Android Studio\jbr\bin\msvcp140.dll
0x00007ff889170000 - 0x00007ff889df3000 	C:\Program Files\Android\Android Studio\jbr\bin\server\jvm.dll
0x00007ff9033e0000 - 0x00007ff903492000 	C:\WINDOWS\System32\ADVAPI32.dll
0x00007ff9038a0000 - 0x00007ff903948000 	C:\WINDOWS\System32\sechost.dll
0x00007ff902ab0000 - 0x00007ff902ad8000 	C:\WINDOWS\System32\bcrypt.dll
0x00007ff904400000 - 0x00007ff904515000 	C:\WINDOWS\System32\RPCRT4.dll
0x00007ff8ff490000 - 0x00007ff8ff499000 	C:\WINDOWS\SYSTEM32\WSOCK32.dll
0x00007ff902410000 - 0x00007ff90245d000 	C:\WINDOWS\SYSTEM32\POWRPROF.dll
0x00007ff8f9610000 - 0x00007ff8f9644000 	C:\WINDOWS\SYSTEM32\WINMM.dll
0x00007ff903b20000 - 0x00007ff903b91000 	C:\WINDOWS\System32\WS2_32.dll
0x00007ff8fa9d0000 - 0x00007ff8fa9da000 	C:\WINDOWS\SYSTEM32\VERSION.dll
0x00007ff9023f0000 - 0x00007ff902403000 	C:\WINDOWS\SYSTEM32\UMPDC.dll
0x00007ff901510000 - 0x00007ff901528000 	C:\WINDOWS\SYSTEM32\kernel.appcore.dll
0x00007ff8ff480000 - 0x00007ff8ff48a000 	C:\Program Files\Android\Android Studio\jbr\bin\jimage.dll
0x00007ff8ff770000 - 0x00007ff8ff9a2000 	C:\WINDOWS\SYSTEM32\DBGHELP.DLL
0x00007ff903bc0000 - 0x00007ff903f48000 	C:\WINDOWS\System32\combase.dll
0x00007ff903970000 - 0x00007ff903a47000 	C:\WINDOWS\System32\OLEAUT32.dll
0x00007ff8e9580000 - 0x00007ff8e95b2000 	C:\WINDOWS\SYSTEM32\dbgcore.DLL
0x00007ff9027a0000 - 0x00007ff902819000 	C:\WINDOWS\System32\bcryptPrimitives.dll
0x00007ff8f1a70000 - 0x00007ff8f1a7e000 	C:\Program Files\Android\Android Studio\jbr\bin\instrument.dll
0x00007ff8ff450000 - 0x00007ff8ff475000 	C:\Program Files\Android\Android Studio\jbr\bin\java.dll
0x00007ff8ff430000 - 0x00007ff8ff448000 	C:\Program Files\Android\Android Studio\jbr\bin\zip.dll
0x00007ff904840000 - 0x00007ff90509c000 	C:\WINDOWS\System32\SHELL32.dll
0x00007ff900490000 - 0x00007ff900d86000 	C:\WINDOWS\SYSTEM32\windows.storage.dll
0x00007ff900350000 - 0x00007ff90048e000 	C:\WINDOWS\SYSTEM32\wintypes.dll
0x00007ff904300000 - 0x00007ff9043f5000 	C:\WINDOWS\System32\SHCORE.dll
0x00007ff903840000 - 0x00007ff90389e000 	C:\WINDOWS\System32\shlwapi.dll
0x00007ff902480000 - 0x00007ff9024a1000 	C:\WINDOWS\SYSTEM32\profapi.dll
0x00007ff8fc0a0000 - 0x00007ff8fc0b9000 	C:\Program Files\Android\Android Studio\jbr\bin\net.dll
0x00007ff8fa730000 - 0x00007ff8fa866000 	C:\WINDOWS\SYSTEM32\WINHTTP.dll
0x00007ff9019e0000 - 0x00007ff901a49000 	C:\WINDOWS\system32\mswsock.dll
0x00007ff8f1aa0000 - 0x00007ff8f1ab6000 	C:\Program Files\Android\Android Studio\jbr\bin\nio.dll
0x00007ff8f1a90000 - 0x00007ff8f1aa0000 	C:\Program Files\Android\Android Studio\jbr\bin\verify.dll
0x00007ff8e72f0000 - 0x00007ff8e7317000 	C:\Users\Lenovo\.gradle\native\c067742578af261105cb4f569cf0c3c89f3d7b1fecec35dd04571415982c5e48\windows-amd64\native-platform.dll
0x00007ff8ba890000 - 0x00007ff8ba9d4000 	C:\Users\Lenovo\.gradle\native\38dada09dfb8b06ba9b0570ebf7e218e3eb74d4ef43ca46872605cf95ebc2f47\windows-amd64\native-platform-file-events.dll
0x00007ff8f24d0000 - 0x00007ff8f24d9000 	C:\Program Files\Android\Android Studio\jbr\bin\management.dll
0x00007ff8f2460000 - 0x00007ff8f246b000 	C:\Program Files\Android\Android Studio\jbr\bin\management_ext.dll
0x00007ff9050a0000 - 0x00007ff9050a8000 	C:\WINDOWS\System32\PSAPI.DLL
0x00007ff901c40000 - 0x00007ff901c5b000 	C:\WINDOWS\SYSTEM32\CRYPTSP.dll
0x00007ff9014d0000 - 0x00007ff901505000 	C:\WINDOWS\system32\rsaenh.dll
0x00007ff901ae0000 - 0x00007ff901b08000 	C:\WINDOWS\SYSTEM32\USERENV.dll
0x00007ff901c60000 - 0x00007ff901c6c000 	C:\WINDOWS\SYSTEM32\CRYPTBASE.dll
0x00007ff900ff0000 - 0x00007ff90101d000 	C:\WINDOWS\SYSTEM32\IPHLPAPI.DLL
0x00007ff903ba0000 - 0x00007ff903ba9000 	C:\WINDOWS\System32\NSI.dll
0x00007ff8fa9e0000 - 0x00007ff8fa9f9000 	C:\WINDOWS\SYSTEM32\dhcpcsvc6.DLL
0x00007ff8fa710000 - 0x00007ff8fa72f000 	C:\WINDOWS\SYSTEM32\dhcpcsvc.DLL
0x00007ff901060000 - 0x00007ff901158000 	C:\WINDOWS\SYSTEM32\DNSAPI.dll
0x00007ff8d6130000 - 0x00007ff8d6138000 	C:\WINDOWS\system32\wshunix.dll
0x00007ff8f3770000 - 0x00007ff8f377a000 	C:\Windows\System32\rasadhlp.dll
0x00007ff8f8760000 - 0x00007ff8f87e3000 	C:\WINDOWS\System32\fwpuclnt.dll

dbghelp: loaded successfully - version: 4.0.5 - missing functions: none
symbol engine: initialized successfully - sym options: 0x614 - pdb path: .;C:\Program Files\Android\Android Studio\jbr\bin;C:\WINDOWS\SYSTEM32;C:\WINDOWS\WinSxS\amd64_microsoft.windows.common-controls_6595b64144ccf1df_6.0.22621.3527_none_270e469b73872a76;C:\Program Files\Android\Android Studio\jbr\bin\server;C:\Users\Lenovo\.gradle\native\c067742578af261105cb4f569cf0c3c89f3d7b1fecec35dd04571415982c5e48\windows-amd64;C:\Users\Lenovo\.gradle\native\38dada09dfb8b06ba9b0570ebf7e218e3eb74d4ef43ca46872605cf95ebc2f47\windows-amd64

VM Arguments:
jvm_args: --add-opens=java.base/java.util=ALL-UNNAMED --add-opens=java.base/java.lang=ALL-UNNAMED --add-opens=java.base/java.lang.invoke=ALL-UNNAMED --add-opens=java.prefs/java.util.prefs=ALL-UNNAMED --add-opens=java.base/java.nio.charset=ALL-UNNAMED --add-opens=java.base/java.net=ALL-UNNAMED --add-opens=java.base/java.util.concurrent.atomic=ALL-UNNAMED -Xmx2048m -Dfile.encoding=UTF-8 -Duser.country=GB -Duser.language=en -Duser.variant -javaagent:C:\Users\Lenovo\.gradle\wrapper\dists\gradle-8.4-bin\1w5dpkrfk8irigvoxmyhowfim\gradle-8.4\lib\agents\gradle-instrumentation-agent-8.4.jar 
java_command: org.gradle.launcher.daemon.bootstrap.GradleDaemon 8.4
java_class_path (initial): C:\Users\Lenovo\.gradle\wrapper\dists\gradle-8.4-bin\1w5dpkrfk8irigvoxmyhowfim\gradle-8.4\lib\gradle-launcher-8.4.jar
Launcher Type: SUN_STANDARD

[Global flags]
     intx CICompilerCount                          = 4                                         {product} {ergonomic}
     uint ConcGCThreads                            = 2                                         {product} {ergonomic}
     uint G1ConcRefinementThreads                  = 8                                         {product} {ergonomic}
   size_t G1HeapRegionSize                         = 1048576                                   {product} {ergonomic}
    uintx GCDrainStackTargetSize                   = 64                                        {product} {ergonomic}
   size_t InitialHeapSize                          = 130023424                                 {product} {ergonomic}
   size_t MarkStackSize                            = 4194304                                   {product} {ergonomic}
   size_t MaxHeapSize                              = 2147483648                                {product} {command line}
   size_t MaxNewSize                               = 1287651328                                {product} {ergonomic}
   size_t MinHeapDeltaBytes                        = 1048576                                   {product} {ergonomic}
   size_t MinHeapSize                              = 8388608                                   {product} {ergonomic}
    uintx NonNMethodCodeHeapSize                   = 5839372                                {pd product} {ergonomic}
    uintx NonProfiledCodeHeapSize                  = 122909434                              {pd product} {ergonomic}
    uintx ProfiledCodeHeapSize                     = 122909434                              {pd product} {ergonomic}
    uintx ReservedCodeCacheSize                    = 251658240                              {pd product} {ergonomic}
     bool SegmentedCodeCache                       = true                                      {product} {ergonomic}
   size_t SoftMaxHeapSize                          = 2147483648                             {manageable} {ergonomic}
     bool UseCompressedClassPointers               = true                           {product lp64_product} {ergonomic}
     bool UseCompressedOops                        = true                           {product lp64_product} {ergonomic}
     bool UseG1GC                                  = true                                      {product} {ergonomic}
     bool UseLargePagesIndividualAllocation        = false                                  {pd product} {ergonomic}

Logging:
Log output configuration:
 #0: stdout all=warning uptime,level,tags
 #1: stderr all=off uptime,level,tags

Environment Variables:
PATH=C:\Program Files (x86)\VMware\VMware Player\bin\;C:\Program Files\Common Files\Oracle\Java\javapath;C:\WINDOWS\system32;C:\WINDOWS;C:\WINDOWS\System32\Wbem;C:\WINDOWS\System32\WindowsPowerShell\v1.0\;C:\WINDOWS\System32\OpenSSH\;C:\Program Files\Git\cmd;C:\Program Files (x86)\Microsoft SQL Server\160\DTS\Binn\;C:\Program Files (x86)\Microsoft SQL Server\160\Tools\Binn\;C:\Program Files\Microsoft SQL Server\160\Tools\Binn\;C:\Program Files\Microsoft SQL Server\Client SDK\ODBC\170\Tools\Binn\;C:\Program Files\Microsoft SQL Server\160\DTS\Binn\;C:\Program Files\Microsoft SQL Server\150\Tools\Binn\;C:\Users\Lenovo\AppData\Local\Microsoft\WindowsApps;C:\Users\Lenovo\.dotnet\tools;C:\Users\Lenovo\AppData\Local\Programs\mongosh\
USERNAME=Lenovo
OS=Windows_NT
PROCESSOR_IDENTIFIER=Intel64 Family 6 Model 126 Stepping 5, GenuineIntel
TMP=C:\Users\Lenovo\AppData\Local\Temp
TEMP=C:\Users\Lenovo\AppData\Local\Temp



Periodic native trim disabled

JNI global refs:
JNI global refs: 28, weak refs: 0

JNI global refs memory usage: 843, weak refs: 841

OOME stack traces (most recent first):
Classloader memory used:
Loader org.gradle.internal.classloader.VisitableURLClassLoader                         : 7412K
Loader bootstrap                                                                       : 3115K
Loader org.gradle.initialization.MixInLegacyTypesClassLoader                           : 1219K
Loader org.gradle.internal.classloader.VisitableURLClassLoader$InstrumentingVisitableURLClassLoader: 101007B
Loader jdk.internal.loader.ClassLoaders$PlatformClassLoader                            : 99902B
Loader org.gradle.internal.classloader.VisitableURLClassLoader                         : 84507B
Loader jdk.internal.reflect.DelegatingClassLoader                                      : 39508B
Loader jdk.internal.jrtfs.JrtFileSystemProvider$JrtFsLoader                            : 37740B
Loader jdk.internal.loader.ClassLoaders$AppClassLoader                                 : 28460B
Loader org.gradle.groovy.scripts.internal.DefaultScriptCompilationHandler$ScriptClassLoader: 11031B
Loader org.codehaus.groovy.runtime.callsite.CallSiteClassLoader                        : 6138B

Classes loaded by more than one classloader:
Class org.gradle.internal.Cast                                                        : loaded 3 times (x 69B)
Class Program                                                                         : loaded 3 times (x 70B)
Class org.gradle.api.GradleException                                                  : loaded 3 times (x 80B)
Class org.gradle.internal.classpath.ClassPath                                         : loaded 2 times (x 68B)
Class org.gradle.api.internal.classpath.DefaultModuleRegistry                         : loaded 2 times (x 84B)
Class org.gradle.internal.exceptions.NonGradleCauseExceptionsHolder                   : loaded 2 times (x 68B)
Class Settings_gradle$1$1                                                             : loaded 2 times (x 72B)
Class com.intellij.openapi.externalSystem.model.ExternalSystemException               : loaded 2 times (x 84B)
Class jdk.internal.jimage.BasicImageReader$1                                          : loaded 2 times (x 75B)
Class org.gradle.api.Action                                                           : loaded 2 times (x 68B)
Class org.jetbrains.kotlin.idea.gradleTooling.model.samWithReceiver.SamWithReceiverModel: loaded 2 times (x 68B)
Class org.jetbrains.plugins.gradle.model.ExternalProject                              : loaded 2 times (x 68B)
Class org.jetbrains.plugins.gradle.model.IntelliJSettings                             : loaded 2 times (x 68B)
Class ijInit1_5uw22s6ndsfau100zbogb21re                                               : loaded 2 times (x 177B)
Class jdk.internal.jimage.ImageBufferCache$1                                          : loaded 2 times (x 78B)
Class jdk.internal.jimage.ImageBufferCache$2                                          : loaded 2 times (x 89B)
Class org.jetbrains.kotlin.idea.gradleTooling.KotlinMPPGradleModel                    : loaded 2 times (x 68B)
Class org.gradle.api.internal.DefaultClassPathProvider                                : loaded 2 times (x 74B)
Class org.gradle.internal.installation.GradleInstallation$1                           : loaded 2 times (x 73B)
Class jdk.internal.jrtfs.SystemImage$1                                                : loaded 2 times (x 76B)
Class jdk.internal.jrtfs.SystemImage$2                                                : loaded 2 times (x 74B)
Class org.gradle.internal.exceptions.DefaultMultiCauseException                       : loaded 2 times (x 89B)
Class org.gradle.tooling.model.UnsupportedMethodException                             : loaded 2 times (x 80B)
Class org.gradle.internal.time.MonotonicClock                                         : loaded 2 times (x 75B)
Class org.gradle.internal.classloader.FilteringClassLoader                            : loaded 2 times (x 103B)
Class jdk.internal.jimage.ImageReader$Resource                                        : loaded 2 times (x 82B)
Class jdk.internal.jrtfs.SystemImage                                                  : loaded 2 times (x 72B)
Class org.gradle.tooling.model.Model                                                  : loaded 2 times (x 68B)
Class org.gradle.internal.classpath.DefaultClassPath$ImmutableUniqueList$Builder      : loaded 2 times (x 73B)
Class org.jetbrains.kotlin.idea.gradleTooling.KotlinSourceSetContainer                : loaded 2 times (x 68B)
Class jdk.internal.jrtfs.JrtDirectoryStream$1                                         : loaded 2 times (x 81B)
Class org.gradle.internal.classloader.ClassLoaderVisitor                              : loaded 2 times (x 74B)
Class org.gradle.internal.time.DefaultCountdownTimer                                  : loaded 2 times (x 86B)
Class org.gradle.internal.service.DefaultServiceLocator                               : loaded 2 times (x 81B)
Class org.gradle.internal.service.UnknownServiceException                             : loaded 2 times (x 81B)
Class sync_studio_tooling_dybqgryh2jgngul5qx9ru8xa                                    : loaded 2 times (x 177B)
Class org.jetbrains.plugins.gradle.model.DependencyAccessorsModel                     : loaded 2 times (x 68B)
Class org.gradle.internal.classloader.DefaultClassLoaderFactory                       : loaded 2 times (x 80B)
Class jdk.internal.jimage.ImageReader$SharedImageReader                               : loaded 2 times (x 93B)
Class org.jetbrains.plugins.gradle.model.GradleExtensions                             : loaded 2 times (x 68B)
Class jdk.internal.jimage.decompressor.ZipDecompressorFactory                         : loaded 2 times (x 72B)
Class org.jetbrains.plugins.gradle.model.VersionCatalogsModel                         : loaded 2 times (x 68B)
Class org.gradle.internal.classloader.VisitableURLClassLoader$Spec                    : loaded 2 times (x 72B)
Class org.gradle.tooling.model.ProjectModel                                           : loaded 2 times (x 68B)
Class org.jetbrains.plugins.gradle.model.MavenRepositoryModel                         : loaded 2 times (x 68B)
Class org.gradle.util.GradleVersion                                                   : loaded 2 times (x 81B)
Class org.gradle.api.internal.classpath.ModuleRegistry                                : loaded 2 times (x 68B)
Class org.jetbrains.plugins.gradle.model.RepositoriesModel                            : loaded 2 times (x 68B)
Class kotlin.jvm.internal.markers.KMappedMarker                                       : loaded 2 times (x 68B)
Class org.gradle.api.internal.ClassPathProvider                                       : loaded 2 times (x 68B)
Class org.gradle.internal.classloader.ClasspathUtil$1                                 : loaded 2 times (x 74B)
Class org.gradle.internal.classloader.ClassLoaderFactory                              : loaded 2 times (x 68B)
Class jdk.internal.jimage.ImageHeader                                                 : loaded 2 times (x 69B)
Class org.gradle.api.internal.classpath.ManifestUtil                                  : loaded 2 times (x 69B)
Class org.gradle.api.specs.Spec                                                       : loaded 2 times (x 68B)
Class org.gradle.tooling.internal.gradle.GradleBuildIdentity                          : loaded 2 times (x 68B)
Class org.gradle.internal.IoActions                                                   : loaded 2 times (x 69B)
Class jdk.internal.jimage.decompressor.StringSharingDecompressorFactory               : loaded 2 times (x 72B)
Class org.gradle.api.internal.classpath.EffectiveClassPath                            : loaded 2 times (x 88B)
Class kotlin.jvm.internal.DefaultConstructorMarker                                    : loaded 2 times (x 69B)
Class org.jetbrains.kotlin.idea.gradleTooling.model.annotation.AnnotationBasedPluginModel: loaded 2 times (x 68B)
Class org.jetbrains.kotlin.idea.gradleTooling.model.assignment.AssignmentModel        : loaded 2 times (x 68B)
Class org.gradle.internal.installation.CurrentGradleInstallation                      : loaded 2 times (x 71B)
Class org.gradle.internal.agents.InstrumentingClassLoader                             : loaded 2 times (x 68B)
Class org.gradle.internal.installation.CurrentGradleInstallationLocator               : loaded 2 times (x 69B)
Class org.gradle.api.internal.classpath.Module                                        : loaded 2 times (x 68B)
Class org.gradle.internal.service.CachingServiceLocator                               : loaded 2 times (x 80B)
Class org.gradle.internal.time.Timer                                                  : loaded 2 times (x 68B)
Class org.jetbrains.plugins.gradle.model.tests.ExternalTestsModel                     : loaded 2 times (x 68B)
Class org.jetbrains.kotlin.idea.gradleTooling.KotlinDslScriptAdditionalTask           : loaded 2 times (x 68B)
Class org.gradle.internal.classpath.DefaultClassPath                                  : loaded 2 times (x 88B)
Class jdk.internal.jimage.BasicImageReader                                            : loaded 2 times (x 93B)
Class com.intellij.openapi.externalSystem.model.project.dependencies.ProjectDependencies: loaded 2 times (x 68B)
Class org.jetbrains.kotlin.idea.gradleTooling.PrepareKotlinIdeImportTaskModel         : loaded 2 times (x 68B)
Class jdk.internal.jimage.ImageLocation                                               : loaded 2 times (x 88B)
Class org.gradle.internal.impldep.com.google.common.base.Preconditions                : loaded 2 times (x 69B)
Class kotlin.jvm.functions.Function1                                                  : loaded 2 times (x 68B)
Class jdk.internal.jimage.ImageReader$Node                                            : loaded 2 times (x 82B)
Class org.gradle.internal.time.Time                                                   : loaded 2 times (x 69B)
Class jdk.internal.jimage.decompressor.CompressedResourceHeader                       : loaded 2 times (x 69B)
Class org.gradle.internal.time.TimeSource$1                                           : loaded 2 times (x 75B)
Class jdk.internal.jrtfs.JrtPath                                                      : loaded 2 times (x 116B)
Class jdk.internal.jimage.ImageStrings                                                : loaded 2 times (x 68B)
Class jdk.internal.jrtfs.JrtFileAttributes                                            : loaded 2 times (x 81B)
Class org.gradle.internal.classloader.SystemClassLoaderSpec                           : loaded 2 times (x 69B)
Class jdk.internal.jimage.decompressor.ResourceDecompressorRepository                 : loaded 2 times (x 69B)
Class kotlin.Function                                                                 : loaded 2 times (x 68B)
Class org.gradle.api.UncheckedIOException                                             : loaded 2 times (x 80B)
Class jdk.internal.jimage.decompressor.ResourceDecompressor$StringsProvider           : loaded 2 times (x 68B)
Class org.gradle.tooling.internal.gradle.DefaultProjectIdentifier                     : loaded 2 times (x 84B)
Class jdk.internal.jimage.decompressor.Decompressor                                   : loaded 2 times (x 70B)
Class jdk.internal.jrtfs.JrtFileSystem                                                : loaded 2 times (x 100B)
Class org.gradle.tooling.internal.gradle.GradleProjectIdentity                        : loaded 2 times (x 68B)
Class jdk.internal.jrtfs.JrtFileSystemProvider                                        : loaded 2 times (x 97B)
Class org.gradle.internal.time.CountdownTimer                                         : loaded 2 times (x 68B)
Class org.gradle.internal.time.Clock                                                  : loaded 2 times (x 68B)
Class org.gradle.internal.classloader.ClasspathUtil                                   : loaded 2 times (x 69B)
Class jdk.internal.jrtfs.JrtDirectoryStream                                           : loaded 2 times (x 87B)
Class org.gradle.tooling.model.BuildIdentifier                                        : loaded 2 times (x 68B)
Class jdk.internal.jimage.decompressor.ResourceDecompressor                           : loaded 2 times (x 68B)
Class org.gradle.api.internal.DefaultClassPathRegistry                                : loaded 2 times (x 74B)
Class org.gradle.api.internal.classpath.DefaultModuleRegistry$DefaultModule           : loaded 2 times (x 84B)
Class org.gradle.internal.time.TimeSource                                             : loaded 2 times (x 68B)
Class org.jetbrains.kotlin.android.synthetic.idea.AndroidExtensionsGradleModel        : loaded 2 times (x 68B)
Class org.gradle.api.internal.classpath.UnknownModuleException                        : loaded 2 times (x 80B)
Class org.jetbrains.plugins.gradle.model.IntelliJProjectSettings                      : loaded 2 times (x 68B)
Class org.gradle.internal.service.ServiceLookupException                              : loaded 2 times (x 80B)
Class jdk.internal.jimage.ImageStringsReader                                          : loaded 2 times (x 78B)
Class org.gradle.cache.GlobalCache                                                    : loaded 2 times (x 68B)
Class jdk.internal.jimage.decompressor.ResourceDecompressorFactory                    : loaded 2 times (x 72B)
Class org.jetbrains.kotlin.idea.gradleTooling.model.lombok.LombokModel                : loaded 2 times (x 68B)
Class org.gradle.tooling.model.ProjectIdentifier                                      : loaded 2 times (x 68B)
Class [Lorg.gradle.api.internal.ClassPathProvider;                                    : loaded 2 times (x 67B)
Class jdk.internal.jimage.ImageReader$SharedImageReader$LocationVisitor               : loaded 2 times (x 68B)
Class org.gradle.internal.operations.MultipleBuildOperationFailures                   : loaded 2 times (x 89B)
Class org.gradle.util.internal.GUtil                                                  : loaded 2 times (x 69B)
Class jdk.internal.jimage.decompressor.ZipDecompressor                                : loaded 2 times (x 73B)
Class org.jetbrains.plugins.gradle.model.AnnotationProcessingModel                    : loaded 2 times (x 68B)
Class org.gradle.internal.classloader.ClassLoaderSpec                                 : loaded 2 times (x 69B)
Class org.jetbrains.plugins.gradle.model.BuildScriptClasspathModel                    : loaded 2 times (x 68B)
Class org.gradle.internal.classloader.VisitableURLClassLoader                         : loaded 2 times (x 115B)
Class org.gradle.internal.installation.GradleInstallation                             : loaded 2 times (x 73B)
Class org.gradle.api.internal.ClassPathRegistry                                       : loaded 2 times (x 68B)
Class org.gradle.internal.classloader.VisitableURLClassLoader$InstrumentingVisitableURLClassLoader: loaded 2 times (x 121B)
Class org.gradle.internal.classloader.ClassLoaderHierarchy                            : loaded 2 times (x 68B)
Class org.gradle.internal.exceptions.MultiCauseException                              : loaded 2 times (x 68B)
Class jdk.internal.jimage.ImageReader                                                 : loaded 2 times (x 73B)
Class org.jetbrains.kotlin.idea.gradleTooling.model.parcelize.ParcelizeGradleModel    : loaded 2 times (x 68B)
Class org.gradle.internal.InternalTransformer                                         : loaded 2 times (x 68B)
Class org.jetbrains.kotlin.idea.gradleTooling.model.noarg.NoArgModel                  : loaded 2 times (x 68B)
Class org.jetbrains.kotlin.idea.gradleTooling.KotlinGradleModel                       : loaded 2 times (x 68B)
Class org.gradle.tooling.internal.gradle.DefaultBuildIdentifier                       : loaded 2 times (x 77B)
Class org.gradle.internal.service.ServiceLocator                                      : loaded 2 times (x 68B)
Class Settings_gradle$1                                                               : loaded 2 times (x 72B)
Class org.jetbrains.kotlin.idea.gradleTooling.model.allopen.AllOpenModel              : loaded 2 times (x 68B)
Class org.gradle.internal.classpath.DefaultClassPath$ImmutableUniqueList              : loaded 2 times (x 159B)
Class jdk.internal.jimage.ImageBufferCache                                            : loaded 2 times (x 69B)
Class org.gradle.internal.time.DefaultTimer                                           : loaded 2 times (x 78B)
Class org.gradle.internal.classpath.TransformedClassPath                              : loaded 2 times (x 94B)
Class Settings_gradle                                                                 : loaded 2 times (x 126B)
Class jdk.internal.jimage.ImageReader$Directory                                       : loaded 2 times (x 82B)
Class sync_studio_tooling_dybqgryh2jgngul5qx9ru8xa$_run_closure1                      : loaded 2 times (x 137B)


---------------  S Y S T E M  ---------------

OS:
 Windows 11 , 64 bit Build 22621 (10.0.22621.3527)
OS uptime: 2 days 10:41 hours

CPU: total 8 (initial active 8) (4 cores per cpu, 2 threads per core) family 6 model 126 stepping 5 microcode 0xb2, cx8, cmov, fxsr, ht, mmx, 3dnowpref, sse, sse2, sse3, ssse3, sse4.1, sse4.2, popcnt, lzcnt, tsc, tscinvbit, avx, avx2, aes, erms, clmul, bmi1, bmi2, adx, avx512f, avx512dq, avx512cd, avx512bw, avx512vl, sha, fma, vzeroupper, avx512_vpopcntdq, avx512_vpclmulqdq, avx512_vaes, avx512_vnni, clflush, clflushopt, avx512_vbmi2, avx512_vbmi
Processor Information for all 8 processors :
  Max Mhz: 1498, Current Mhz: 1098, Mhz Limit: 1093

Memory: 4k page, system-wide physical 7934M (252M free)
TotalPageFile size 12012M (AvailPageFile size 3M)
current process WorkingSet (physical memory assigned to process): 398M, peak: 398M
current process commit charge ("private bytes"): 436M, peak: 437M

vm_info: OpenJDK 64-Bit Server VM (17.0.9+0--11185874) for windows-amd64 JRE (17.0.9+0--11185874), built on Dec  6 2023 18:57:44 by "androidbuild" with MS VC++ 16.10 / 16.11 (VS2019)

END.
